<?xml version="1.0" encoding="UTF-8"?>
<coverage generated="1250696393" phpunit="3.3.17">
  <project name="./" timestamp="1250696393">
    <file name="V:\Development\_Webroot\Trunk\VersionControl\Hg\Registry.php">
      <class name="VersionControl_Hg_Registry" namespace="global" fullPackage="Hg.Repository" category="VersionControl" package="Hg" subpackage="Repository">
        <metrics methods="6" coveredmethods="5" statements="19" coveredstatements="12" elements="25" coveredelements="17"/>
      </class>
      <line num="36" type="stmt" count="1"/>
      <line num="59" type="stmt" count="1"/>
      <line num="66" type="method" count="4"/>
      <line num="68" type="stmt" count="4"/>
      <line num="69" type="stmt" count="1"/>
      <line num="70" type="stmt" count="1"/>
      <line num="72" type="stmt" count="4"/>
      <line num="82" type="method" count="4"/>
      <line num="84" type="stmt" count="4"/>
      <line num="86" type="stmt" count="3"/>
      <line num="90" type="stmt" count="1"/>
      <line num="91" type="stmt" count="0"/>
      <line num="92" type="stmt" count="0"/>
      <line num="95" type="stmt" count="1"/>
      <line num="104" type="method" count="4"/>
      <line num="107" type="stmt" count="4"/>
      <line num="115" type="method" count="4"/>
      <line num="117" type="stmt" count="4"/>
      <line num="118" type="stmt" count="0"/>
      <line num="119" type="stmt" count="0"/>
      <line num="120" type="stmt" count="0"/>
      <line num="123" type="stmt" count="4"/>
      <line num="131" type="method" count="0"/>
      <line num="133" type="stmt" count="0"/>
      <line num="134" type="stmt" count="0"/>
      <line num="137" type="stmt" count="1"/>
      <metrics loc="136" ncloc="52" classes="1" methods="6" coveredmethods="5" statements="21" coveredstatements="14" elements="27" coveredelements="19"/>
    </file>
    <file name="V:\Development\_Webroot\Trunk\VersionControl\Hg.php">
      <class name="VersionControl_Hg" namespace="global" fullPackage="Hg" category="VersionControl" package="Hg">
        <metrics methods="7" coveredmethods="5" statements="63" coveredstatements="48" elements="70" coveredelements="53"/>
      </class>
      <line num="0" type="stmt" count="4"/>
      <line num="97" type="method" count="4"/>
      <line num="99" type="stmt" count="4"/>
      <line num="100" type="stmt" count="4"/>
      <line num="102" type="stmt" count="4"/>
      <line num="103" type="stmt" count="3"/>
      <line num="104" type="stmt" count="1"/>
      <line num="106" type="stmt" count="2"/>
      <line num="118" type="method" count="0"/>
      <line num="120" type="stmt" count="0"/>
      <line num="121" type="stmt" count="0"/>
      <line num="134" type="method" count="4"/>
      <line num="136" type="stmt" count="4"/>
      <line num="137" type="stmt" count="4"/>
      <line num="138" type="stmt" count="4"/>
      <line num="145" type="method" count="0"/>
      <line num="151" type="stmt" count="0"/>
      <line num="153" type="stmt" count="0"/>
      <line num="155" type="stmt" count="0"/>
      <line num="158" type="stmt" count="0"/>
      <line num="181" type="method" count="4"/>
      <line num="183" type="stmt" count="4"/>
      <line num="186" type="stmt" count="4"/>
      <line num="187" type="stmt" count="4"/>
      <line num="188" type="stmt" count="4"/>
      <line num="189" type="stmt" count="4"/>
      <line num="190" type="stmt" count="4"/>
      <line num="191" type="stmt" count="4"/>
      <line num="192" type="stmt" count="4"/>
      <line num="193" type="stmt" count="4"/>
      <line num="194" type="stmt" count="4"/>
      <line num="195" type="stmt" count="4"/>
      <line num="196" type="stmt" count="4"/>
      <line num="197" type="stmt" count="4"/>
      <line num="198" type="stmt" count="4"/>
      <line num="201" type="stmt" count="4"/>
      <line num="204" type="stmt" count="4"/>
      <line num="215" type="stmt" count="4"/>
      <line num="216" type="stmt" count="4"/>
      <line num="217" type="stmt" count="4"/>
      <line num="218" type="stmt" count="4"/>
      <line num="219" type="stmt" count="0"/>
      <line num="220" type="stmt" count="0"/>
      <line num="221" type="stmt" count="0"/>
      <line num="222" type="stmt" count="4"/>
      <line num="224" type="stmt" count="4"/>
      <line num="225" type="stmt" count="4"/>
      <line num="226" type="stmt" count="4"/>
      <line num="227" type="stmt" count="4"/>
      <line num="228" type="stmt" count="4"/>
      <line num="229" type="stmt" count="4"/>
      <line num="231" type="stmt" count="4"/>
      <line num="232" type="stmt" count="0"/>
      <line num="233" type="stmt" count="0"/>
      <line num="234" type="stmt" count="0"/>
      <line num="238" type="stmt" count="4"/>
      <line num="240" type="stmt" count="4"/>
      <line num="248" type="method" count="4"/>
      <line num="254" type="stmt" count="4"/>
      <line num="256" type="stmt" count="0"/>
      <line num="258" type="stmt" count="0"/>
      <line num="261" type="stmt" count="4"/>
      <line num="272" type="method" count="4"/>
      <line num="283" type="stmt" count="4"/>
      <line num="284" type="stmt" count="4"/>
      <line num="287" type="stmt" count="4"/>
      <line num="289" type="stmt" count="4"/>
      <line num="291" type="stmt" count="4"/>
      <line num="296" type="stmt" count="4"/>
      <line num="299" type="stmt" count="2"/>
      <metrics loc="309" ncloc="116" classes="1" methods="7" coveredmethods="5" statements="63" coveredstatements="49" elements="70" coveredelements="54"/>
    </file>
    <file name="V:\Development\_Webroot\Trunk\VersionControl\Hg\Command\Interface.php">
      <line num="32" type="stmt" count="1"/>
      <line num="35" type="stmt" count="1"/>
      <metrics loc="35" ncloc="7" classes="0" methods="0" coveredmethods="0" statements="2" coveredstatements="2" elements="2" coveredelements="2"/>
    </file>
    <file name="V:\Development\_Webroot\Trunk\VersionControl\Hg\Command\Version.php">
      <class name="VersionControl_Hg_Command_Version" namespace="global" fullPackage="Hg.Commands" category="VersionControl" package="Hg" subpackage="Commands">
        <metrics methods="2" coveredmethods="2" statements="30" coveredstatements="22" elements="32" coveredelements="24"/>
      </class>
      <line num="18" type="stmt" count="1"/>
      <line num="19" type="stmt" count="1"/>
      <line num="36" type="stmt" count="1"/>
      <line num="37" type="stmt" count="1"/>
      <line num="57" type="method" count="4"/>
      <line num="59" type="stmt" count="4"/>
      <line num="60" type="stmt" count="4"/>
      <line num="66" type="method" count="4"/>
      <line num="79" type="stmt" count="4"/>
      <line num="83" type="stmt" count="4"/>
      <line num="84" type="stmt" count="4"/>
      <line num="85" type="stmt" count="4"/>
      <line num="86" type="stmt" count="4"/>
      <line num="88" type="stmt" count="4"/>
      <line num="92" type="stmt" count="4"/>
      <line num="94" type="stmt" count="4"/>
      <line num="98" type="stmt" count="4"/>
      <line num="103" type="stmt" count="4"/>
      <line num="104" type="stmt" count="0"/>
      <line num="106" type="stmt" count="0"/>
      <line num="109" type="stmt" count="4"/>
      <line num="111" type="stmt" count="4"/>
      <line num="112" type="stmt" count="4"/>
      <line num="115" type="stmt" count="4"/>
      <line num="116" type="stmt" count="0"/>
      <line num="118" type="stmt" count="0"/>
      <line num="119" type="stmt" count="0"/>
      <line num="120" type="stmt" count="0"/>
      <line num="122" type="stmt" count="0"/>
      <line num="124" type="stmt" count="0"/>
      <line num="126" type="stmt" count="4"/>
      <line num="129" type="stmt" count="4"/>
      <line num="131" type="stmt" count="4"/>
      <line num="133" type="stmt" count="4"/>
      <line num="134" type="stmt" count="4"/>
      <line num="136" type="stmt" count="4"/>
      <line num="139" type="stmt" count="1"/>
      <metrics loc="138" ncloc="70" classes="1" methods="2" coveredmethods="2" statements="35" coveredstatements="27" elements="37" coveredelements="29"/>
    </file>
    <file name="V:\Development\_Webroot\Trunk\VersionControl\Hg\Repository.php">
      <class name="VersionControl_Hg_Repository" namespace="global" fullPackage="Hg.Repository" category="VersionControl" package="Hg" subpackage="Repository">
        <metrics methods="7" coveredmethods="4" statements="31" coveredstatements="21" elements="38" coveredelements="25"/>
      </class>
      <line num="40" type="stmt" count="1"/>
      <line num="77" type="method" count="4"/>
      <line num="79" type="stmt" count="4"/>
      <line num="80" type="stmt" count="4"/>
      <line num="89" type="method" count="3"/>
      <line num="91" type="stmt" count="3"/>
      <line num="92" type="stmt" count="3"/>
      <line num="93" type="stmt" count="3"/>
      <line num="96" type="stmt" count="3"/>
      <line num="97" type="stmt" count="1"/>
      <line num="98" type="stmt" count="1"/>
      <line num="99" type="stmt" count="1"/>
      <line num="107" type="stmt" count="2"/>
      <line num="108" type="stmt" count="1"/>
      <line num="111" type="stmt" count="1"/>
      <line num="114" type="stmt" count="1"/>
      <line num="116" type="stmt" count="1"/>
      <line num="125" type="method" count="2"/>
      <line num="133" type="stmt" count="2"/>
      <line num="142" type="method" count="2"/>
      <line num="152" type="stmt" count="2"/>
      <line num="154" type="stmt" count="2"/>
      <line num="159" type="stmt" count="2"/>
      <line num="160" type="stmt" count="1"/>
      <line num="161" type="stmt" count="1"/>
      <line num="163" type="stmt" count="2"/>
      <line num="172" type="method" count="0"/>
      <line num="174" type="stmt" count="0"/>
      <line num="181" type="stmt" count="0"/>
      <line num="189" type="method" count="0"/>
      <line num="191" type="stmt" count="0"/>
      <line num="192" type="stmt" count="0"/>
      <line num="194" type="stmt" count="0"/>
      <line num="208" type="method" count="0"/>
      <line num="214" type="stmt" count="0"/>
      <line num="215" type="stmt" count="0"/>
      <line num="216" type="stmt" count="0"/>
      <line num="217" type="stmt" count="0"/>
      <line num="219" type="stmt" count="0"/>
      <line num="222" type="stmt" count="1"/>
      <metrics loc="221" ncloc="87" classes="1" methods="7" coveredmethods="4" statements="33" coveredstatements="23" elements="40" coveredelements="27"/>
    </file>
    <file name="V:\Development\_Webroot\Trunk\VersionControl\Hg\Command.php">
      <class name="VersionControl_Hg_Command" namespace="global" fullPackage="Hg" category="VersionControl" package="Hg">
        <metrics methods="19" coveredmethods="2" statements="68" coveredstatements="9" elements="87" coveredelements="11"/>
      </class>
      <line num="0" type="stmt" count="4"/>
      <line num="128" type="method" count="4"/>
      <line num="130" type="stmt" count="4"/>
      <line num="131" type="stmt" count="4"/>
      <line num="140" type="method" count="4"/>
      <line num="142" type="stmt" count="4"/>
      <line num="143" type="stmt" count="0"/>
      <line num="145" type="stmt" count="0"/>
      <line num="149" type="stmt" count="4"/>
      <line num="151" type="stmt" count="4"/>
      <line num="153" type="stmt" count="4"/>
      <line num="154" type="stmt" count="0"/>
      <line num="155" type="stmt" count="0"/>
      <line num="156" type="stmt" count="0"/>
      <line num="160" type="stmt" count="4"/>
      <line num="163" type="stmt" count="4"/>
      <line num="166" type="stmt" count="4"/>
      <line num="173" type="method" count="0"/>
      <line num="177" type="stmt" count="0"/>
      <line num="185" type="method" count="0"/>
      <line num="187" type="stmt" count="0"/>
      <line num="193" type="stmt" count="0"/>
      <line num="196" type="stmt" count="0"/>
      <line num="197" type="stmt" count="0"/>
      <line num="198" type="stmt" count="0"/>
      <line num="201" type="stmt" count="0"/>
      <line num="203" type="stmt" count="0"/>
      <line num="204" type="stmt" count="0"/>
      <line num="207" type="stmt" count="0"/>
      <line num="208" type="stmt" count="0"/>
      <line num="209" type="stmt" count="0"/>
      <line num="210" type="stmt" count="0"/>
      <line num="212" type="stmt" count="0"/>
      <line num="221" type="method" count="0"/>
      <line num="223" type="stmt" count="0"/>
      <line num="224" type="stmt" count="0"/>
      <line num="227" type="method" count="0"/>
      <line num="229" type="stmt" count="0"/>
      <line num="237" type="method" count="0"/>
      <line num="239" type="stmt" count="0"/>
      <line num="241" type="stmt" count="0"/>
      <line num="242" type="stmt" count="0"/>
      <line num="244" type="stmt" count="0"/>
      <line num="245" type="stmt" count="0"/>
      <line num="257" type="method" count="0"/>
      <line num="260" type="stmt" count="0"/>
      <line num="261" type="stmt" count="0"/>
      <line num="262" type="stmt" count="0"/>
      <line num="263" type="stmt" count="0"/>
      <line num="266" type="stmt" count="0"/>
      <line num="269" type="method" count="0"/>
      <line num="271" type="stmt" count="0"/>
      <line num="272" type="stmt" count="0"/>
      <line num="274" type="stmt" count="0"/>
      <line num="277" type="stmt" count="0"/>
      <line num="278" type="stmt" count="0"/>
      <line num="279" type="stmt" count="0"/>
      <line num="280" type="stmt" count="0"/>
      <line num="282" type="method" count="0"/>
      <line num="286" type="stmt" count="0"/>
      <line num="289" type="method" count="0"/>
      <line num="291" type="stmt" count="0"/>
      <line num="292" type="stmt" count="0"/>
      <line num="293" type="stmt" count="0"/>
      <line num="294" type="stmt" count="0"/>
      <line num="295" type="stmt" count="0"/>
      <line num="298" type="stmt" count="0"/>
      <line num="309" type="method" count="0"/>
      <line num="314" type="stmt" count="0"/>
      <line num="316" type="stmt" count="0"/>
      <line num="321" type="stmt" count="0"/>
      <line num="324" type="stmt" count="0"/>
      <line num="325" type="stmt" count="0"/>
      <line num="326" type="stmt" count="0"/>
      <line num="327" type="method" count="0"/>
      <line num="330" type="stmt" count="0"/>
      <line num="339" type="method" count="0"/>
      <line num="344" type="stmt" count="0"/>
      <line num="346" type="stmt" count="0"/>
      <line num="351" type="stmt" count="0"/>
      <line num="355" type="method" count="0"/>
      <line num="357" type="stmt" count="0"/>
      <line num="358" type="stmt" count="0"/>
      <line num="366" type="method" count="0"/>
      <line num="368" type="stmt" count="0"/>
      <line num="369" type="stmt" count="0"/>
      <line num="370" type="stmt" count="0"/>
      <line num="371" type="stmt" count="0"/>
      <line num="372" type="stmt" count="0"/>
      <line num="377" type="stmt" count="0"/>
      <metrics loc="397" ncloc="181" classes="1" methods="19" coveredmethods="2" statements="74" coveredstatements="10" elements="93" coveredelements="12"/>
    </file>
    <file name="C:\Languages\Php\PEAR\pear\Exception.php">
      <class name="PEAR_Exception" namespace="global" fullPackage="PEAR" category="pear" package="PEAR">
        <metrics methods="14" coveredmethods="0" statements="169" coveredstatements="0" elements="183" coveredelements="0"/>
      </class>
      <line num="97" type="stmt" count="1"/>
      <line num="121" type="method" count="0"/>
      <line num="123" type="stmt" count="0"/>
      <line num="124" type="stmt" count="0"/>
      <line num="125" type="stmt" count="0"/>
      <line num="126" type="stmt" count="0"/>
      <line num="128" type="stmt" count="0"/>
      <line num="129" type="stmt" count="0"/>
      <line num="130" type="stmt" count="0"/>
      <line num="131" type="stmt" count="0"/>
      <line num="133" type="stmt" count="0"/>
      <line num="134" type="stmt" count="0"/>
      <line num="135" type="stmt" count="0"/>
      <line num="137" type="stmt" count="0"/>
      <line num="138" type="stmt" count="0"/>
      <line num="139" type="stmt" count="0"/>
      <line num="140" type="stmt" count="0"/>
      <line num="141" type="stmt" count="0"/>
      <line num="142" type="stmt" count="0"/>
      <line num="144" type="stmt" count="0"/>
      <line num="145" type="stmt" count="0"/>
      <line num="146" type="stmt" count="0"/>
      <line num="156" type="method" count="0"/>
      <line num="158" type="stmt" count="0"/>
      <line num="159" type="stmt" count="0"/>
      <line num="161" type="method" count="0"/>
      <line num="163" type="stmt" count="0"/>
      <line num="164" type="stmt" count="0"/>
      <line num="169" type="method" count="0"/>
      <line num="171" type="stmt" count="0"/>
      <line num="174" type="method" count="0"/>
      <line num="176" type="stmt" count="0"/>
      <line num="177" type="stmt" count="0"/>
      <line num="178" type="stmt" count="0"/>
      <line num="179" type="stmt" count="0"/>
      <line num="181" type="stmt" count="0"/>
      <line num="182" type="stmt" count="0"/>
      <line num="183" type="stmt" count="0"/>
      <line num="184" type="stmt" count="0"/>
      <line num="185" type="stmt" count="0"/>
      <line num="186" type="stmt" count="0"/>
      <line num="187" type="stmt" count="0"/>
      <line num="188" type="stmt" count="0"/>
      <line num="189" type="stmt" count="0"/>
      <line num="190" type="stmt" count="0"/>
      <line num="191" type="stmt" count="0"/>
      <line num="192" type="stmt" count="0"/>
      <line num="193" type="stmt" count="0"/>
      <line num="195" type="stmt" count="0"/>
      <line num="196" type="stmt" count="0"/>
      <line num="197" type="stmt" count="0"/>
      <line num="198" type="stmt" count="0"/>
      <line num="199" type="stmt" count="0"/>
      <line num="215" type="method" count="0"/>
      <line num="217" type="stmt" count="0"/>
      <line num="225" type="method" count="0"/>
      <line num="227" type="stmt" count="0"/>
      <line num="234" type="method" count="0"/>
      <line num="236" type="stmt" count="0"/>
      <line num="237" type="stmt" count="0"/>
      <line num="238" type="stmt" count="0"/>
      <line num="239" type="stmt" count="0"/>
      <line num="240" type="stmt" count="0"/>
      <line num="241" type="stmt" count="0"/>
      <line num="242" type="stmt" count="0"/>
      <line num="243" type="stmt" count="0"/>
      <line num="244" type="stmt" count="0"/>
      <line num="245" type="stmt" count="0"/>
      <line num="246" type="stmt" count="0"/>
      <line num="247" type="stmt" count="0"/>
      <line num="248" type="stmt" count="0"/>
      <line num="249" type="stmt" count="0"/>
      <line num="250" type="stmt" count="0"/>
      <line num="251" type="stmt" count="0"/>
      <line num="252" type="stmt" count="0"/>
      <line num="253" type="stmt" count="0"/>
      <line num="254" type="stmt" count="0"/>
      <line num="255" type="stmt" count="0"/>
      <line num="256" type="stmt" count="0"/>
      <line num="257" type="stmt" count="0"/>
      <line num="258" type="stmt" count="0"/>
      <line num="259" type="stmt" count="0"/>
      <line num="260" type="stmt" count="0"/>
      <line num="261" type="stmt" count="0"/>
      <line num="262" type="stmt" count="0"/>
      <line num="263" type="stmt" count="0"/>
      <line num="264" type="stmt" count="0"/>
      <line num="265" type="stmt" count="0"/>
      <line num="266" type="stmt" count="0"/>
      <line num="267" type="stmt" count="0"/>
      <line num="268" type="stmt" count="0"/>
      <line num="269" type="stmt" count="0"/>
      <line num="270" type="stmt" count="0"/>
      <line num="271" type="stmt" count="0"/>
      <line num="272" type="stmt" count="0"/>
      <line num="273" type="stmt" count="0"/>
      <line num="274" type="stmt" count="0"/>
      <line num="276" type="stmt" count="0"/>
      <line num="277" type="stmt" count="0"/>
      <line num="278" type="stmt" count="0"/>
      <line num="279" type="stmt" count="0"/>
      <line num="280" type="stmt" count="0"/>
      <line num="281" type="stmt" count="0"/>
      <line num="282" type="stmt" count="0"/>
      <line num="283" type="stmt" count="0"/>
      <line num="284" type="stmt" count="0"/>
      <line num="286" type="stmt" count="0"/>
      <line num="287" type="stmt" count="0"/>
      <line num="288" type="stmt" count="0"/>
      <line num="289" type="stmt" count="0"/>
      <line num="291" type="method" count="0"/>
      <line num="293" type="stmt" count="0"/>
      <line num="294" type="stmt" count="0"/>
      <line num="295" type="stmt" count="0"/>
      <line num="296" type="stmt" count="0"/>
      <line num="297" type="stmt" count="0"/>
      <line num="298" type="stmt" count="0"/>
      <line num="299" type="stmt" count="0"/>
      <line num="300" type="stmt" count="0"/>
      <line num="303" type="method" count="0"/>
      <line num="305" type="stmt" count="0"/>
      <line num="306" type="stmt" count="0"/>
      <line num="309" type="method" count="0"/>
      <line num="311" type="stmt" count="0"/>
      <line num="312" type="stmt" count="0"/>
      <line num="315" type="method" count="0"/>
      <line num="317" type="stmt" count="0"/>
      <line num="318" type="stmt" count="0"/>
      <line num="320" type="stmt" count="0"/>
      <line num="323" type="method" count="0"/>
      <line num="325" type="stmt" count="0"/>
      <line num="326" type="stmt" count="0"/>
      <line num="327" type="stmt" count="0"/>
      <line num="328" type="stmt" count="0"/>
      <line num="329" type="stmt" count="0"/>
      <line num="331" type="stmt" count="0"/>
      <line num="332" type="stmt" count="0"/>
      <line num="333" type="stmt" count="0"/>
      <line num="334" type="stmt" count="0"/>
      <line num="335" type="stmt" count="0"/>
      <line num="337" type="stmt" count="0"/>
      <line num="338" type="stmt" count="0"/>
      <line num="339" type="stmt" count="0"/>
      <line num="341" type="stmt" count="0"/>
      <line num="342" type="stmt" count="0"/>
      <line num="343" type="stmt" count="0"/>
      <line num="344" type="stmt" count="0"/>
      <line num="345" type="stmt" count="0"/>
      <line num="346" type="stmt" count="0"/>
      <line num="347" type="stmt" count="0"/>
      <line num="348" type="stmt" count="0"/>
      <line num="349" type="stmt" count="0"/>
      <line num="350" type="stmt" count="0"/>
      <line num="351" type="stmt" count="0"/>
      <line num="352" type="stmt" count="0"/>
      <line num="353" type="stmt" count="0"/>
      <line num="354" type="stmt" count="0"/>
      <line num="355" type="stmt" count="0"/>
      <line num="357" type="stmt" count="0"/>
      <line num="358" type="stmt" count="0"/>
      <line num="359" type="stmt" count="0"/>
      <line num="360" type="stmt" count="0"/>
      <line num="362" type="stmt" count="0"/>
      <line num="363" type="stmt" count="0"/>
      <line num="364" type="stmt" count="0"/>
      <line num="365" type="stmt" count="0"/>
      <line num="366" type="stmt" count="0"/>
      <line num="367" type="stmt" count="0"/>
      <line num="368" type="stmt" count="0"/>
      <line num="369" type="stmt" count="0"/>
      <line num="370" type="stmt" count="0"/>
      <line num="371" type="stmt" count="0"/>
      <line num="372" type="stmt" count="0"/>
      <line num="373" type="stmt" count="0"/>
      <line num="374" type="stmt" count="0"/>
      <line num="377" type="method" count="0"/>
      <line num="379" type="stmt" count="0"/>
      <line num="380" type="stmt" count="0"/>
      <line num="381" type="stmt" count="0"/>
      <line num="382" type="stmt" count="0"/>
      <line num="383" type="stmt" count="0"/>
      <line num="384" type="stmt" count="0"/>
      <line num="385" type="stmt" count="0"/>
      <line num="386" type="stmt" count="0"/>
      <line num="387" type="stmt" count="0"/>
      <line num="391" type="stmt" count="1"/>
      <metrics loc="391" ncloc="247" classes="1" methods="14" coveredmethods="0" statements="172" coveredstatements="2" elements="186" coveredelements="2"/>
    </file>
    <metrics files="7" loc="1627" ncloc="760" classes="6" methods="55" coveredmethods="18" statements="400" coveredstatements="127" elements="455" coveredelements="145"/>
  </project>
</coverage>
