<?xml version="1.0" encoding="UTF-8"?>
<coverage generated="1305235515">
  <project timestamp="1305235515">
    <file name="H:\Development\_Webroot\Trunk\VersionControl\Hg.php">
      <class name="VersionControl_Hg" namespace="global" fullPackage="Hg" category="VersionControl" package="Hg">
        <metrics methods="5" coveredmethods="0" conditionals="0" coveredconditionals="0" statements="49" coveredstatements="0" elements="54" coveredelements="0"/>
      </class>
      <line num="95" type="method" name="__construct" crap="2" count="0"/>
      <line num="99" type="stmt" count="0"/>
      <line num="103" type="stmt" count="0"/>
      <line num="104" type="stmt" count="0"/>
      <line num="128" type="method" name="__call" crap="72" count="0"/>
      <line num="130" type="stmt" count="0"/>
      <line num="132" type="stmt" count="0"/>
      <line num="133" type="stmt" count="0"/>
      <line num="139" type="stmt" count="0"/>
      <line num="140" type="stmt" count="0"/>
      <line num="141" type="stmt" count="0"/>
      <line num="142" type="stmt" count="0"/>
      <line num="143" type="stmt" count="0"/>
      <line num="144" type="stmt" count="0"/>
      <line num="145" type="stmt" count="0"/>
      <line num="147" type="stmt" count="0"/>
      <line num="148" type="stmt" count="0"/>
      <line num="149" type="stmt" count="0"/>
      <line num="152" type="stmt" count="0"/>
      <line num="153" type="stmt" count="0"/>
      <line num="154" type="stmt" count="0"/>
      <line num="155" type="stmt" count="0"/>
      <line num="156" type="stmt" count="0"/>
      <line num="158" type="stmt" count="0"/>
      <line num="159" type="stmt" count="0"/>
      <line num="160" type="stmt" count="0"/>
      <line num="164" type="stmt" count="0"/>
      <line num="174" type="stmt" count="0"/>
      <line num="175" type="stmt" count="0"/>
      <line num="177" type="stmt" count="0"/>
      <line num="195" type="method" name="__get" crap="12" count="0"/>
      <line num="200" type="stmt" count="0"/>
      <line num="208" type="stmt" count="0"/>
      <line num="210" type="stmt" count="0"/>
      <line num="213" type="stmt" count="0"/>
      <line num="215" type="stmt" count="0"/>
      <line num="217" type="stmt" count="0"/>
      <line num="218" type="stmt" count="0"/>
      <line num="220" type="stmt" count="0"/>
      <line num="231" type="method" name="__set" crap="12" count="0"/>
      <line num="236" type="stmt" count="0"/>
      <line num="239" type="stmt" count="0"/>
      <line num="240" type="stmt" count="0"/>
      <line num="241" type="stmt" count="0"/>
      <line num="243" type="stmt" count="0"/>
      <line num="246" type="stmt" count="0"/>
      <line num="248" type="stmt" count="0"/>
      <line num="250" type="stmt" count="0"/>
      <line num="251" type="stmt" count="0"/>
      <line num="253" type="stmt" count="0"/>
      <line num="261" type="method" name="__toString" crap="2" count="0"/>
      <line num="265" type="stmt" count="0"/>
      <line num="266" type="stmt" count="0"/>
      <line num="267" type="stmt" count="0"/>
      <metrics loc="269" ncloc="97" classes="1" methods="5" coveredmethods="0" conditionals="0" coveredconditionals="0" statements="49" coveredstatements="0" elements="54" coveredelements="0"/>
    </file>
    <file name="H:\Development\_Webroot\Trunk\VersionControl\Hg\CommandProxy.php">
      <class name="VersionControl_Hg_CommandProxy" namespace="global" fullPackage="Hg" category="VersionControl" package="Hg">
        <metrics methods="4" coveredmethods="0" conditionals="0" coveredconditionals="0" statements="15" coveredstatements="0" elements="19" coveredelements="0"/>
      </class>
      <line num="64" type="method" name="__construct" crap="2" count="0"/>
      <line num="66" type="stmt" count="0"/>
      <line num="67" type="stmt" count="0"/>
      <line num="77" type="method" name="setCommand" crap="2" count="0"/>
      <line num="79" type="stmt" count="0"/>
      <line num="80" type="stmt" count="0"/>
      <line num="87" type="method" name="getCommand" crap="2" count="0"/>
      <line num="89" type="stmt" count="0"/>
      <line num="101" type="method" name="__call" crap="12" count="0"/>
      <line num="105" type="stmt" count="0"/>
      <line num="106" type="stmt" count="0"/>
      <line num="108" type="stmt" count="0"/>
      <line num="111" type="stmt" count="0"/>
      <line num="115" type="stmt" count="0"/>
      <line num="118" type="stmt" count="0"/>
      <line num="119" type="stmt" count="0"/>
      <line num="120" type="stmt" count="0"/>
      <line num="121" type="stmt" count="0"/>
      <line num="122" type="stmt" count="0"/>
      <line num="125" type="stmt" count="0"/>
      <line num="126" type="stmt" count="0"/>
      <line num="129" type="stmt" count="0"/>
      <metrics loc="131" ncloc="54" classes="1" methods="4" coveredmethods="0" conditionals="0" coveredconditionals="0" statements="18" coveredstatements="0" elements="22" coveredelements="0"/>
    </file>
    <file name="H:\Development\_Webroot\Trunk\VersionControl\Hg\Command\Abstract.php">
      <class name="VersionControl_Hg_Command_Abstract" namespace="global" fullPackage="Hg.Command" category="VersionControl" package="Hg" subpackage="Command">
        <metrics methods="2" coveredmethods="0" conditionals="0" coveredconditionals="0" statements="18" coveredstatements="0" elements="20" coveredelements="0"/>
      </class>
      <line num="19" type="stmt" count="0"/>
      <line num="24" type="stmt" count="0"/>
      <line num="44" type="stmt" count="0"/>
      <line num="137" type="method" name="__construct" crap="12" count="0"/>
      <line num="159" type="method" name="__call" crap="12" count="0"/>
      <line num="163" type="stmt" count="0"/>
      <line num="165" type="stmt" count="0"/>
      <line num="169" type="stmt" count="0"/>
      <line num="171" type="stmt" count="0"/>
      <line num="173" type="stmt" count="0"/>
      <line num="176" type="stmt" count="0"/>
      <line num="177" type="stmt" count="0"/>
      <line num="178" type="stmt" count="0"/>
      <line num="180" type="stmt" count="0"/>
      <line num="199" type="stmt" count="0"/>
      <line num="200" type="stmt" count="0"/>
      <line num="201" type="stmt" count="0"/>
      <line num="204" type="stmt" count="0"/>
      <line num="226" type="stmt" count="0"/>
      <line num="227" type="stmt" count="0"/>
      <line num="228" type="stmt" count="0"/>
      <line num="231" type="stmt" count="0"/>
      <line num="236" type="stmt" count="0"/>
      <line num="237" type="stmt" count="0"/>
      <line num="238" type="stmt" count="0"/>
      <line num="240" type="stmt" count="0"/>
      <line num="243" type="stmt" count="0"/>
      <line num="244" type="stmt" count="0"/>
      <line num="246" type="stmt" count="0"/>
      <line num="247" type="stmt" count="0"/>
      <line num="248" type="stmt" count="0"/>
      <line num="249" type="stmt" count="0"/>
      <line num="250" type="stmt" count="0"/>
      <line num="253" type="stmt" count="0"/>
      <line num="256" type="stmt" count="0"/>
      <line num="271" type="stmt" count="0"/>
      <line num="272" type="stmt" count="0"/>
      <line num="273" type="stmt" count="0"/>
      <line num="274" type="stmt" count="0"/>
      <line num="275" type="stmt" count="0"/>
      <line num="276" type="stmt" count="0"/>
      <line num="277" type="stmt" count="0"/>
      <line num="282" type="stmt" count="0"/>
      <line num="286" type="stmt" count="0"/>
      <line num="288" type="stmt" count="0"/>
      <line num="291" type="stmt" count="0"/>
      <line num="295" type="stmt" count="0"/>
      <line num="296" type="stmt" count="0"/>
      <line num="297" type="stmt" count="0"/>
      <line num="298" type="stmt" count="0"/>
      <line num="299" type="stmt" count="0"/>
      <line num="300" type="stmt" count="0"/>
      <line num="301" type="stmt" count="0"/>
      <line num="302" type="stmt" count="0"/>
      <line num="303" type="stmt" count="0"/>
      <line num="305" type="stmt" count="0"/>
      <line num="306" type="stmt" count="0"/>
      <line num="307" type="stmt" count="0"/>
      <line num="308" type="stmt" count="0"/>
      <line num="319" type="stmt" count="0"/>
      <line num="322" type="stmt" count="0"/>
      <line num="323" type="stmt" count="0"/>
      <line num="324" type="stmt" count="0"/>
      <line num="325" type="stmt" count="0"/>
      <line num="327" type="stmt" count="0"/>
      <line num="328" type="stmt" count="0"/>
      <line num="333" type="stmt" count="0"/>
      <line num="336" type="stmt" count="0"/>
      <line num="337" type="stmt" count="0"/>
      <line num="338" type="stmt" count="0"/>
      <line num="339" type="stmt" count="0"/>
      <line num="343" type="stmt" count="0"/>
      <line num="344" type="stmt" count="0"/>
      <line num="345" type="stmt" count="0"/>
      <line num="348" type="stmt" count="0"/>
      <line num="349" type="stmt" count="0"/>
      <line num="352" type="stmt" count="0"/>
      <line num="354" type="stmt" count="0"/>
      <line num="360" type="stmt" count="0"/>
      <line num="361" type="stmt" count="0"/>
      <line num="363" type="stmt" count="0"/>
      <line num="377" type="stmt" count="0"/>
      <line num="378" type="stmt" count="0"/>
      <line num="379" type="stmt" count="0"/>
      <line num="380" type="stmt" count="0"/>
      <line num="381" type="stmt" count="0"/>
      <line num="384" type="stmt" count="0"/>
      <line num="387" type="stmt" count="0"/>
      <line num="399" type="stmt" count="0"/>
      <line num="400" type="stmt" count="0"/>
      <line num="402" type="stmt" count="0"/>
      <line num="405" type="stmt" count="0"/>
      <line num="406" type="stmt" count="0"/>
      <line num="407" type="stmt" count="0"/>
      <line num="409" type="stmt" count="0"/>
      <line num="420" type="stmt" count="0"/>
      <line num="432" type="stmt" count="0"/>
      <line num="434" type="stmt" count="0"/>
      <line num="437" type="stmt" count="0"/>
      <line num="438" type="stmt" count="0"/>
      <line num="439" type="stmt" count="0"/>
      <line num="441" type="stmt" count="0"/>
      <line num="457" type="stmt" count="0"/>
      <line num="458" type="stmt" count="0"/>
      <line num="459" type="stmt" count="0"/>
      <line num="466" type="stmt" count="0"/>
      <line num="468" type="stmt" count="0"/>
      <line num="470" type="stmt" count="0"/>
      <line num="474" type="stmt" count="0"/>
      <line num="476" type="stmt" count="0"/>
      <line num="480" type="stmt" count="0"/>
      <line num="484" type="stmt" count="0"/>
      <line num="487" type="stmt" count="0"/>
      <line num="488" type="stmt" count="0"/>
      <line num="490" type="stmt" count="0"/>
      <line num="495" type="stmt" count="0"/>
      <line num="497" type="stmt" count="0"/>
      <line num="498" type="stmt" count="0"/>
      <line num="500" type="stmt" count="0"/>
      <line num="501" type="stmt" count="0"/>
      <line num="503" type="stmt" count="0"/>
      <line num="504" type="stmt" count="0"/>
      <line num="506" type="stmt" count="0"/>
      <line num="507" type="stmt" count="0"/>
      <line num="514" type="stmt" count="0"/>
      <line num="515" type="stmt" count="0"/>
      <line num="517" type="stmt" count="0"/>
      <line num="518" type="stmt" count="0"/>
      <line num="519" type="stmt" count="0"/>
      <line num="520" type="stmt" count="0"/>
      <line num="523" type="stmt" count="0"/>
      <line num="533" type="stmt" count="0"/>
      <line num="534" type="stmt" count="0"/>
      <line num="543" type="stmt" count="0"/>
      <line num="557" type="stmt" count="0"/>
      <line num="559" type="stmt" count="0"/>
      <line num="560" type="stmt" count="0"/>
      <line num="561" type="stmt" count="0"/>
      <line num="562" type="stmt" count="0"/>
      <line num="571" type="stmt" count="0"/>
      <line num="587" type="stmt" count="0"/>
      <line num="589" type="stmt" count="0"/>
      <line num="592" type="stmt" count="0"/>
      <metrics loc="591" ncloc="257" classes="1" methods="2" coveredmethods="0" conditionals="0" coveredconditionals="0" statements="150" coveredstatements="0" elements="152" coveredelements="0"/>
    </file>
    <file name="H:\Development\_Webroot\Trunk\VersionControl\Hg\Command\Add.php">
      <line num="2" type="stmt" count="0"/>
      <metrics loc="1" ncloc="1" classes="0" methods="0" coveredmethods="0" conditionals="0" coveredconditionals="0" statements="1" coveredstatements="0" elements="1" coveredelements="0"/>
    </file>
    <file name="H:\Development\_Webroot\Trunk\VersionControl\Hg\Command\Archive.php">
      <class name="VersionControl_Hg_Command_Archive" namespace="global" fullPackage="Hg.Command" category="VersionControl" package="Hg" subpackage="Command">
        <metrics methods="2" coveredmethods="0" conditionals="0" coveredconditionals="0" statements="24" coveredstatements="0" elements="26" coveredelements="0"/>
      </class>
      <line num="21" type="stmt" count="0"/>
      <line num="26" type="stmt" count="0"/>
      <line num="31" type="stmt" count="0"/>
      <line num="53" type="stmt" count="0"/>
      <line num="122" type="method" name="__construct" crap="56" count="0"/>
      <line num="125" type="stmt" count="0"/>
      <line num="131" type="stmt" count="0"/>
      <line num="133" type="stmt" count="0"/>
      <line num="135" type="stmt" count="0"/>
      <line num="136" type="stmt" count="0"/>
      <line num="137" type="stmt" count="0"/>
      <line num="138" type="stmt" count="0"/>
      <line num="139" type="stmt" count="0"/>
      <line num="140" type="stmt" count="0"/>
      <line num="141" type="stmt" count="0"/>
      <line num="143" type="stmt" count="0"/>
      <line num="144" type="stmt" count="0"/>
      <line num="145" type="stmt" count="0"/>
      <line num="146" type="stmt" count="0"/>
      <line num="147" type="stmt" count="0"/>
      <line num="158" type="method" name="to" crap="12" count="0"/>
      <line num="161" type="stmt" count="0"/>
      <line num="162" type="stmt" count="0"/>
      <line num="163" type="stmt" count="0"/>
      <line num="166" type="stmt" count="0"/>
      <line num="170" type="stmt" count="0"/>
      <line num="171" type="stmt" count="0"/>
      <line num="172" type="stmt" count="0"/>
      <line num="173" type="stmt" count="0"/>
      <line num="174" type="stmt" count="0"/>
      <line num="177" type="stmt" count="0"/>
      <line num="180" type="stmt" count="0"/>
      <line num="194" type="stmt" count="0"/>
      <line num="195" type="stmt" count="0"/>
      <line num="196" type="stmt" count="0"/>
      <line num="197" type="stmt" count="0"/>
      <line num="198" type="stmt" count="0"/>
      <line num="201" type="stmt" count="0"/>
      <line num="204" type="stmt" count="0"/>
      <line num="222" type="stmt" count="0"/>
      <line num="223" type="stmt" count="0"/>
      <line num="225" type="stmt" count="0"/>
      <line num="228" type="stmt" count="0"/>
      <line num="230" type="stmt" count="0"/>
      <line num="247" type="stmt" count="0"/>
      <line num="248" type="stmt" count="0"/>
      <line num="249" type="stmt" count="0"/>
      <line num="251" type="stmt" count="0"/>
      <line num="254" type="stmt" count="0"/>
      <line num="256" type="stmt" count="0"/>
      <line num="268" type="stmt" count="0"/>
      <line num="269" type="stmt" count="0"/>
      <line num="270" type="stmt" count="0"/>
      <line num="276" type="stmt" count="0"/>
      <line num="277" type="stmt" count="0"/>
      <line num="278" type="stmt" count="0"/>
      <line num="279" type="stmt" count="0"/>
      <line num="293" type="stmt" count="0"/>
      <line num="294" type="stmt" count="0"/>
      <line num="295" type="stmt" count="0"/>
      <line num="296" type="stmt" count="0"/>
      <line num="298" type="stmt" count="0"/>
      <line num="299" type="stmt" count="0"/>
      <line num="301" type="stmt" count="0"/>
      <line num="305" type="stmt" count="0"/>
      <line num="306" type="stmt" count="0"/>
      <line num="308" type="stmt" count="0"/>
      <line num="310" type="stmt" count="0"/>
      <line num="311" type="stmt" count="0"/>
      <line num="313" type="stmt" count="0"/>
      <line num="316" type="stmt" count="0"/>
      <line num="319" type="stmt" count="0"/>
      <metrics loc="318" ncloc="144" classes="1" methods="2" coveredmethods="0" conditionals="0" coveredconditionals="0" statements="70" coveredstatements="0" elements="72" coveredelements="0"/>
    </file>
    <file name="H:\Development\_Webroot\Trunk\VersionControl\Hg\Command\Backout.php">
      <line num="2" type="stmt" count="0"/>
      <metrics loc="1" ncloc="1" classes="0" methods="0" coveredmethods="0" conditionals="0" coveredconditionals="0" statements="1" coveredstatements="0" elements="1" coveredelements="0"/>
    </file>
    <file name="H:\Development\_Webroot\Trunk\VersionControl\Hg\Command\Branch.php">
      <line num="2" type="stmt" count="0"/>
      <metrics loc="1" ncloc="1" classes="0" methods="0" coveredmethods="0" conditionals="0" coveredconditionals="0" statements="1" coveredstatements="0" elements="1" coveredelements="0"/>
    </file>
    <file name="H:\Development\_Webroot\Trunk\VersionControl\Hg\Command\Cat.php">
      <line num="2" type="stmt" count="0"/>
      <metrics loc="1" ncloc="1" classes="0" methods="0" coveredmethods="0" conditionals="0" coveredconditionals="0" statements="1" coveredstatements="0" elements="1" coveredelements="0"/>
    </file>
    <file name="H:\Development\_Webroot\Trunk\VersionControl\Hg\Command\Clone.php">
      <line num="2" type="stmt" count="0"/>
      <metrics loc="1" ncloc="1" classes="0" methods="0" coveredmethods="0" conditionals="0" coveredconditionals="0" statements="1" coveredstatements="0" elements="1" coveredelements="0"/>
    </file>
    <file name="H:\Development\_Webroot\Trunk\VersionControl\Hg\Command\Commit.php">
      <line num="2" type="stmt" count="0"/>
      <metrics loc="1" ncloc="1" classes="0" methods="0" coveredmethods="0" conditionals="0" coveredconditionals="0" statements="1" coveredstatements="0" elements="1" coveredelements="0"/>
    </file>
    <file name="H:\Development\_Webroot\Trunk\VersionControl\Hg\Command\Copy.php">
      <line num="2" type="stmt" count="0"/>
      <metrics loc="1" ncloc="1" classes="0" methods="0" coveredmethods="0" conditionals="0" coveredconditionals="0" statements="1" coveredstatements="0" elements="1" coveredelements="0"/>
    </file>
    <file name="H:\Development\_Webroot\Trunk\VersionControl\Hg\Command\Exception.php">
      <class name="VersionControl_Hg_Command_Exception" namespace="global" fullPackage="Hg.Exceptions" category="VersionControl" package="Hg" subpackage="Exceptions">
        <metrics methods="1" coveredmethods="0" conditionals="0" coveredconditionals="0" statements="3" coveredstatements="0" elements="4" coveredelements="0"/>
      </class>
      <line num="31" type="stmt" count="0"/>
      <line num="64" type="method" name="__construct" crap="2" count="0"/>
      <line num="67" type="stmt" count="0"/>
      <line num="69" type="stmt" count="0"/>
      <line num="70" type="stmt" count="0"/>
      <line num="72" type="stmt" count="0"/>
      <metrics loc="71" ncloc="23" classes="1" methods="1" coveredmethods="0" conditionals="0" coveredconditionals="0" statements="5" coveredstatements="0" elements="6" coveredelements="0"/>
    </file>
    <file name="H:\Development\_Webroot\Trunk\VersionControl\Hg\Command\Export.php">
      <line num="2" type="stmt" count="0"/>
      <metrics loc="1" ncloc="1" classes="0" methods="0" coveredmethods="0" conditionals="0" coveredconditionals="0" statements="1" coveredstatements="0" elements="1" coveredelements="0"/>
    </file>
    <file name="H:\Development\_Webroot\Trunk\VersionControl\Hg\Command\Forget.php">
      <line num="2" type="stmt" count="0"/>
      <metrics loc="1" ncloc="1" classes="0" methods="0" coveredmethods="0" conditionals="0" coveredconditionals="0" statements="1" coveredstatements="0" elements="1" coveredelements="0"/>
    </file>
    <file name="H:\Development\_Webroot\Trunk\VersionControl\Hg\Command\Import.php">
      <line num="2" type="stmt" count="0"/>
      <metrics loc="1" ncloc="1" classes="0" methods="0" coveredmethods="0" conditionals="0" coveredconditionals="0" statements="1" coveredstatements="0" elements="1" coveredelements="0"/>
    </file>
    <file name="H:\Development\_Webroot\Trunk\VersionControl\Hg\Command\Interface.php">
      <line num="30" type="stmt" count="0"/>
      <line num="34" type="stmt" count="0"/>
      <metrics loc="33" ncloc="7" classes="0" methods="0" coveredmethods="0" conditionals="0" coveredconditionals="0" statements="2" coveredstatements="0" elements="2" coveredelements="0"/>
    </file>
    <file name="H:\Development\_Webroot\Trunk\VersionControl\Hg\Command\Log.php">
      <class name="VersionControl_Hg_Command_Log" namespace="global" fullPackage="Hg.Command" category="VersionControl" package="Hg" subpackage="Command">
        <metrics methods="10" coveredmethods="0" conditionals="0" coveredconditionals="0" statements="38" coveredstatements="0" elements="48" coveredelements="0"/>
      </class>
      <line num="19" type="stmt" count="0"/>
      <line num="24" type="stmt" count="0"/>
      <line num="29" type="stmt" count="0"/>
      <line num="55" type="stmt" count="0"/>
      <line num="114" type="method" name="__construct" crap="2" count="0"/>
      <line num="117" type="stmt" count="0"/>
      <line num="119" type="stmt" count="0"/>
      <line num="120" type="stmt" count="0"/>
      <line num="128" type="method" name="execute" crap="12" count="0"/>
      <line num="134" type="stmt" count="0"/>
      <line num="135" type="stmt" count="0"/>
      <line num="136" type="stmt" count="0"/>
      <line num="142" type="stmt" count="0"/>
      <line num="143" type="stmt" count="0"/>
      <line num="144" type="stmt" count="0"/>
      <line num="145" type="stmt" count="0"/>
      <line num="149" type="stmt" count="0"/>
      <line num="152" type="stmt" count="0"/>
      <line num="154" type="stmt" count="0"/>
      <line num="155" type="stmt" count="0"/>
      <line num="157" type="stmt" count="0"/>
      <line num="160" type="stmt" count="0"/>
      <line num="161" type="stmt" count="0"/>
      <line num="162" type="stmt" count="0"/>
      <line num="164" type="stmt" count="0"/>
      <line num="180" type="method" name="revision" crap="6" count="0"/>
      <line num="182" type="stmt" count="0"/>
      <line num="183" type="stmt" count="0"/>
      <line num="185" type="stmt" count="0"/>
      <line num="188" type="stmt" count="0"/>
      <line num="191" type="stmt" count="0"/>
      <line num="208" type="method" name="removed" crap="2" count="0"/>
      <line num="210" type="stmt" count="0"/>
      <line num="211" type="stmt" count="0"/>
      <line num="227" type="method" name="copied" crap="2" count="0"/>
      <line num="228" type="stmt" count="0"/>
      <line num="229" type="stmt" count="0"/>
      <line num="249" type="method" name="files" crap="2" count="0"/>
      <line num="251" type="stmt" count="0"/>
      <line num="252" type="stmt" count="0"/>
      <line num="262" type="method" name="on" crap="2" count="0"/>
      <line num="263" type="stmt" count="0"/>
      <line num="265" type="stmt" count="0"/>
      <line num="275" type="method" name="before" crap="2" count="0"/>
      <line num="276" type="stmt" count="0"/>
      <line num="278" type="stmt" count="0"/>
      <line num="288" type="method" name="after" crap="2" count="0"/>
      <line num="289" type="stmt" count="0"/>
      <line num="291" type="stmt" count="0"/>
      <line num="302" type="method" name="between" crap="2" count="0"/>
      <line num="306" type="stmt" count="0"/>
      <line num="308" type="stmt" count="0"/>
      <line num="311" type="stmt" count="0"/>
      <metrics loc="310" ncloc="107" classes="1" methods="10" coveredmethods="0" conditionals="0" coveredconditionals="0" statements="43" coveredstatements="0" elements="53" coveredelements="0"/>
    </file>
    <file name="H:\Development\_Webroot\Trunk\VersionControl\Hg\Command\Output\Formatter.php">
      <class name="VersionControl_Hg_Command_Output_Formatter" namespace="global" fullPackage="Hg.Output" category="VersionControl" package="Hg" subpackage="Output">
        <metrics methods="7" coveredmethods="0" conditionals="0" coveredconditionals="0" statements="30" coveredstatements="0" elements="37" coveredelements="0"/>
      </class>
      <line num="30" type="stmt" count="0"/>
      <line num="49" type="method" name="__construct" crap="2" count="0"/>
      <line num="51" type="stmt" count="0"/>
      <line num="58" type="method" name="toJson" crap="2" count="0"/>
      <line num="60" type="stmt" count="0"/>
      <line num="68" type="method" name="toYaml" crap="6" count="0"/>
      <line num="69" type="stmt" count="0"/>
      <line num="70" type="stmt" count="0"/>
      <line num="71" type="stmt" count="0"/>
      <line num="73" type="stmt" count="0"/>
      <line num="76" type="stmt" count="0"/>
      <line num="86" type="method" name="toRaw" crap="6" count="0"/>
      <line num="87" type="stmt" count="0"/>
      <line num="89" type="stmt" count="0"/>
      <line num="90" type="stmt" count="0"/>
      <line num="91" type="stmt" count="0"/>
      <line num="93" type="stmt" count="0"/>
      <line num="101" type="method" name="toSerialize" crap="2" count="0"/>
      <line num="102" type="stmt" count="0"/>
      <line num="116" type="method" name="toXML" crap="72" count="0"/>
      <line num="120" type="stmt" count="0"/>
      <line num="123" type="stmt" count="0"/>
      <line num="126" type="stmt" count="0"/>
      <line num="127" type="stmt" count="0"/>
      <line num="128" type="stmt" count="0"/>
      <line num="129" type="stmt" count="0"/>
      <line num="132" type="stmt" count="0"/>
      <line num="135" type="stmt" count="0"/>
      <line num="136" type="stmt" count="0"/>
      <line num="139" type="stmt" count="0"/>
      <line num="140" type="stmt" count="0"/>
      <line num="141" type="stmt" count="0"/>
      <line num="144" type="stmt" count="0"/>
      <line num="145" type="stmt" count="0"/>
      <line num="147" type="stmt" count="0"/>
      <line num="150" type="stmt" count="0"/>
      <line num="161" type="method" name="isAssoc" crap="6" count="0"/>
      <line num="162" type="stmt" count="0"/>
      <line num="165" type="stmt" count="0"/>
      <metrics loc="164" ncloc="53" classes="1" methods="7" coveredmethods="0" conditionals="0" coveredconditionals="0" statements="32" coveredstatements="0" elements="39" coveredelements="0"/>
    </file>
    <file name="H:\Development\_Webroot\Trunk\VersionControl\Hg\Command\Patch.php">
      <line num="2" type="stmt" count="0"/>
      <metrics loc="1" ncloc="1" classes="0" methods="0" coveredmethods="0" conditionals="0" coveredconditionals="0" statements="1" coveredstatements="0" elements="1" coveredelements="0"/>
    </file>
    <file name="H:\Development\_Webroot\Trunk\VersionControl\Hg\Command\Pull.php">
      <line num="2" type="stmt" count="0"/>
      <metrics loc="1" ncloc="1" classes="0" methods="0" coveredmethods="0" conditionals="0" coveredconditionals="0" statements="1" coveredstatements="0" elements="1" coveredelements="0"/>
    </file>
    <file name="H:\Development\_Webroot\Trunk\VersionControl\Hg\Command\Push.php">
      <line num="2" type="stmt" count="0"/>
      <metrics loc="1" ncloc="1" classes="0" methods="0" coveredmethods="0" conditionals="0" coveredconditionals="0" statements="1" coveredstatements="0" elements="1" coveredelements="0"/>
    </file>
    <file name="H:\Development\_Webroot\Trunk\VersionControl\Hg\Command\Remove.php">
      <line num="2" type="stmt" count="0"/>
      <metrics loc="1" ncloc="1" classes="0" methods="0" coveredmethods="0" conditionals="0" coveredconditionals="0" statements="1" coveredstatements="0" elements="1" coveredelements="0"/>
    </file>
    <file name="H:\Development\_Webroot\Trunk\VersionControl\Hg\Command\Revert.php">
      <line num="2" type="stmt" count="0"/>
      <metrics loc="1" ncloc="1" classes="0" methods="0" coveredmethods="0" conditionals="0" coveredconditionals="0" statements="1" coveredstatements="0" elements="1" coveredelements="0"/>
    </file>
    <file name="H:\Development\_Webroot\Trunk\VersionControl\Hg\Command\Status.php">
      <class name="VersionControl_Hg_Command_Status" namespace="global" fullPackage="Hg.Command" category="VersionControl" package="Hg" subpackage="Command">
        <metrics methods="13" coveredmethods="0" conditionals="0" coveredconditionals="0" statements="43" coveredstatements="0" elements="56" coveredelements="0"/>
      </class>
      <line num="19" type="stmt" count="0"/>
      <line num="24" type="stmt" count="0"/>
      <line num="29" type="stmt" count="0"/>
      <line num="55" type="stmt" count="0"/>
      <line num="120" type="method" name="__construct" crap="2" count="0"/>
      <line num="123" type="stmt" count="0"/>
      <line num="124" type="stmt" count="0"/>
      <line num="134" type="method" name="execute" crap="12" count="0"/>
      <line num="140" type="stmt" count="0"/>
      <line num="141" type="stmt" count="0"/>
      <line num="142" type="stmt" count="0"/>
      <line num="148" type="stmt" count="0"/>
      <line num="149" type="stmt" count="0"/>
      <line num="150" type="stmt" count="0"/>
      <line num="151" type="stmt" count="0"/>
      <line num="155" type="stmt" count="0"/>
      <line num="158" type="stmt" count="0"/>
      <line num="160" type="stmt" count="0"/>
      <line num="161" type="stmt" count="0"/>
      <line num="163" type="stmt" count="0"/>
      <line num="166" type="stmt" count="0"/>
      <line num="167" type="stmt" count="0"/>
      <line num="168" type="stmt" count="0"/>
      <line num="169" type="stmt" count="0"/>
      <line num="184" type="method" name="all" crap="2" count="0"/>
      <line num="186" type="stmt" count="0"/>
      <line num="187" type="stmt" count="0"/>
      <line num="203" type="method" name="modified" crap="2" count="0"/>
      <line num="205" type="stmt" count="0"/>
      <line num="206" type="stmt" count="0"/>
      <line num="222" type="method" name="added" crap="2" count="0"/>
      <line num="224" type="stmt" count="0"/>
      <line num="225" type="stmt" count="0"/>
      <line num="242" type="method" name="removed" crap="2" count="0"/>
      <line num="244" type="stmt" count="0"/>
      <line num="245" type="stmt" count="0"/>
      <line num="261" type="method" name="deleted" crap="2" count="0"/>
      <line num="263" type="stmt" count="0"/>
      <line num="264" type="stmt" count="0"/>
      <line num="281" type="method" name="clean" crap="2" count="0"/>
      <line num="283" type="stmt" count="0"/>
      <line num="284" type="stmt" count="0"/>
      <line num="300" type="method" name="unknown" crap="2" count="0"/>
      <line num="302" type="stmt" count="0"/>
      <line num="303" type="stmt" count="0"/>
      <line num="319" type="method" name="ignored" crap="2" count="0"/>
      <line num="321" type="stmt" count="0"/>
      <line num="322" type="stmt" count="0"/>
      <line num="342" type="method" name="files" crap="2" count="0"/>
      <line num="344" type="stmt" count="0"/>
      <line num="345" type="stmt" count="0"/>
      <line num="361" type="method" name="copied" crap="2" count="0"/>
      <line num="362" type="stmt" count="0"/>
      <line num="363" type="stmt" count="0"/>
      <line num="379" type="method" name="revision" crap="6" count="0"/>
      <line num="381" type="stmt" count="0"/>
      <line num="382" type="stmt" count="0"/>
      <line num="384" type="stmt" count="0"/>
      <line num="387" type="stmt" count="0"/>
      <line num="390" type="stmt" count="0"/>
      <line num="393" type="stmt" count="0"/>
      <metrics loc="392" ncloc="119" classes="1" methods="13" coveredmethods="0" conditionals="0" coveredconditionals="0" statements="48" coveredstatements="0" elements="61" coveredelements="0"/>
    </file>
    <file name="H:\Development\_Webroot\Trunk\VersionControl\Hg\Command\Tag.php">
      <line num="2" type="stmt" count="0"/>
      <metrics loc="1" ncloc="1" classes="0" methods="0" coveredmethods="0" conditionals="0" coveredconditionals="0" statements="1" coveredstatements="0" elements="1" coveredelements="0"/>
    </file>
    <file name="H:\Development\_Webroot\Trunk\VersionControl\Hg\Command\Version.php">
      <class name="VersionControl_Hg_Command_Version" namespace="global" fullPackage="Hg.Command" category="VersionControl" package="Hg" subpackage="Command">
        <metrics methods="3" coveredmethods="0" conditionals="0" coveredconditionals="0" statements="34" coveredstatements="0" elements="37" coveredelements="0"/>
      </class>
      <line num="19" type="stmt" count="0"/>
      <line num="24" type="stmt" count="0"/>
      <line num="29" type="stmt" count="0"/>
      <line num="46" type="stmt" count="0"/>
      <line num="71" type="method" name="__construct" crap="2" count="0"/>
      <line num="73" type="stmt" count="0"/>
      <line num="79" type="method" name="execute" crap="72" count="0"/>
      <line num="82" type="stmt" count="0"/>
      <line num="84" type="stmt" count="0"/>
      <line num="85" type="stmt" count="0"/>
      <line num="86" type="stmt" count="0"/>
      <line num="87" type="stmt" count="0"/>
      <line num="88" type="stmt" count="0"/>
      <line num="90" type="stmt" count="0"/>
      <line num="91" type="stmt" count="0"/>
      <line num="96" type="stmt" count="0"/>
      <line num="97" type="stmt" count="0"/>
      <line num="99" type="stmt" count="0"/>
      <line num="102" type="stmt" count="0"/>
      <line num="104" type="stmt" count="0"/>
      <line num="108" type="stmt" count="0"/>
      <line num="109" type="stmt" count="0"/>
      <line num="111" type="stmt" count="0"/>
      <line num="114" type="stmt" count="0"/>
      <line num="116" type="stmt" count="0"/>
      <line num="117" type="stmt" count="0"/>
      <line num="120" type="stmt" count="0"/>
      <line num="121" type="stmt" count="0"/>
      <line num="124" type="stmt" count="0"/>
      <line num="125" type="stmt" count="0"/>
      <line num="126" type="stmt" count="0"/>
      <line num="128" type="stmt" count="0"/>
      <line num="130" type="stmt" count="0"/>
      <line num="132" type="stmt" count="0"/>
      <line num="135" type="stmt" count="0"/>
      <line num="137" type="stmt" count="0"/>
      <line num="139" type="stmt" count="0"/>
      <line num="140" type="stmt" count="0"/>
      <line num="142" type="stmt" count="0"/>
      <line num="149" type="method" name="__toString" crap="2" count="0"/>
      <line num="150" type="stmt" count="0"/>
      <line num="153" type="stmt" count="0"/>
      <metrics loc="152" ncloc="63" classes="1" methods="3" coveredmethods="0" conditionals="0" coveredconditionals="0" statements="39" coveredstatements="0" elements="42" coveredelements="0"/>
    </file>
    <file name="H:\Development\_Webroot\Trunk\VersionControl\Hg\Container\Abstract.php">
      <class name="VersionControl_Hg_Container_Abstract" namespace="global" fullPackage="Hg.Container" category="VersionControl" package="Hg" subpackage="Container">
        <metrics methods="1" coveredmethods="0" conditionals="0" coveredconditionals="0" statements="1" coveredstatements="0" elements="2" coveredelements="0"/>
      </class>
      <line num="33" type="stmt" count="0"/>
      <line num="34" type="method" name="__construct" crap="2" count="0"/>
      <line num="36" type="stmt" count="0"/>
      <line num="37" type="stmt" count="0"/>
      <metrics loc="36" ncloc="7" classes="1" methods="1" coveredmethods="0" conditionals="0" coveredconditionals="0" statements="3" coveredstatements="0" elements="4" coveredelements="0"/>
    </file>
    <file name="H:\Development\_Webroot\Trunk\VersionControl\Hg\Container\Bundle.php">
      <line num="2" type="stmt" count="0"/>
      <metrics loc="1" ncloc="1" classes="0" methods="0" coveredmethods="0" conditionals="0" coveredconditionals="0" statements="1" coveredstatements="0" elements="1" coveredelements="0"/>
    </file>
    <file name="H:\Development\_Webroot\Trunk\VersionControl\Hg\Container\Bundle\Exception.php">
      <class name="VersionControl_Hg_Container_Bundle_Exception" namespace="global" fullPackage="Hg.Repository" category="VersionControl" package="Hg" subpackage="Repository">
        <metrics methods="1" coveredmethods="0" conditionals="0" coveredconditionals="0" statements="2" coveredstatements="0" elements="3" coveredelements="0"/>
      </class>
      <line num="33" type="stmt" count="0"/>
      <line num="62" type="method" name="__construct" crap="2" count="0"/>
      <line num="63" type="stmt" count="0"/>
      <line num="64" type="stmt" count="0"/>
      <line num="66" type="stmt" count="0"/>
      <metrics loc="65" ncloc="20" classes="1" methods="1" coveredmethods="0" conditionals="0" coveredconditionals="0" statements="4" coveredstatements="0" elements="5" coveredelements="0"/>
    </file>
    <file name="H:\Development\_Webroot\Trunk\VersionControl\Hg\Container\Repository.php">
      <class name="VersionControl_Hg_Container_Repository" namespace="global" fullPackage="Hg.Container" category="VersionControl" package="Hg" subpackage="Container">
        <metrics methods="10" coveredmethods="1" conditionals="0" coveredconditionals="0" statements="39" coveredstatements="3" elements="49" coveredelements="4"/>
      </class>
      <line num="96" type="method" name="__construct" crap="2" count="0"/>
      <line num="97" type="stmt" count="0"/>
      <line num="98" type="stmt" count="0"/>
      <line num="99" type="stmt" count="0"/>
      <line num="109" type="method" name="getInstance" crap="2.26" count="8"/>
      <line num="111" type="stmt" count="8"/>
      <line num="112" type="stmt" count="8"/>
      <line num="113" type="stmt" count="8"/>
      <line num="114" type="stmt" count="0"/>
      <line num="116" type="stmt" count="0"/>
      <line num="122" type="method" name="reset" crap="2" count="0"/>
      <line num="123" type="stmt" count="0"/>
      <line num="124" type="stmt" count="0"/>
      <line num="134" type="method" name="setPath" crap="30" count="0"/>
      <line num="138" type="stmt" count="0"/>
      <line num="139" type="stmt" count="0"/>
      <line num="142" type="stmt" count="0"/>
      <line num="143" type="stmt" count="0"/>
      <line num="144" type="stmt" count="0"/>
      <line num="147" type="stmt" count="0"/>
      <line num="148" type="stmt" count="0"/>
      <line num="150" type="stmt" count="0"/>
      <line num="161" type="stmt" count="0"/>
      <line num="162" type="stmt" count="0"/>
      <line num="164" type="stmt" count="0"/>
      <line num="167" type="stmt" count="0"/>
      <line num="169" type="stmt" count="0"/>
      <line num="182" type="method" name="getPath" crap="2" count="0"/>
      <line num="184" type="stmt" count="0"/>
      <line num="193" type="method" name="isRepository" crap="12" count="0"/>
      <line num="203" type="stmt" count="0"/>
      <line num="205" type="stmt" count="0"/>
      <line num="210" type="stmt" count="0"/>
      <line num="211" type="stmt" count="0"/>
      <line num="212" type="stmt" count="0"/>
      <line num="214" type="stmt" count="0"/>
      <line num="223" type="method" name="create" crap="2" count="0"/>
      <line num="229" type="stmt" count="0"/>
      <line num="236" type="stmt" count="0"/>
      <line num="244" type="method" name="delete" crap="6" count="0"/>
      <line num="246" type="stmt" count="0"/>
      <line num="247" type="stmt" count="0"/>
      <line num="250" type="stmt" count="0"/>
      <line num="262" type="method" name="__toString" crap="6" count="0"/>
      <line num="266" type="stmt" count="0"/>
      <line num="268" type="stmt" count="0"/>
      <line num="274" type="method" name="__clone" crap="2" count="0"/>
      <line num="276" type="stmt" count="0"/>
      <line num="277" type="stmt" count="0"/>
      <metrics loc="278" ncloc="102" classes="1" methods="10" coveredmethods="1" conditionals="0" coveredconditionals="0" statements="39" coveredstatements="3" elements="49" coveredelements="4"/>
    </file>
    <file name="H:\Development\_Webroot\Trunk\VersionControl\Hg\Container\Repository\Branch.php">
      <class name="VersionControl_Hg_Repository_Branch" namespace="global" fullPackage="VersionControl.Hg.Repository">
        <metrics methods="0" coveredmethods="0" conditionals="0" coveredconditionals="0" statements="0" coveredstatements="0" elements="0" coveredelements="0"/>
      </class>
      <line num="4" type="stmt" count="0"/>
      <line num="7" type="stmt" count="0"/>
      <metrics loc="6" ncloc="6" classes="1" methods="0" coveredmethods="0" conditionals="0" coveredconditionals="0" statements="2" coveredstatements="0" elements="2" coveredelements="0"/>
    </file>
    <file name="H:\Development\_Webroot\Trunk\VersionControl\Hg\Container\Repository\Changset.php">
      <class name="VersionControl_Hg_Repository_ChangeSet" namespace="global" fullPackage="VersionControl.Hg.Repository">
        <metrics methods="0" coveredmethods="0" conditionals="0" coveredconditionals="0" statements="0" coveredstatements="0" elements="0" coveredelements="0"/>
      </class>
      <line num="4" type="stmt" count="0"/>
      <line num="9" type="stmt" count="0"/>
      <metrics loc="8" ncloc="8" classes="1" methods="0" coveredmethods="0" conditionals="0" coveredconditionals="0" statements="2" coveredstatements="0" elements="2" coveredelements="0"/>
    </file>
    <file name="H:\Development\_Webroot\Trunk\VersionControl\Hg\Container\Repository\Diff.php">
      <class name="VersionControl_Hg_Repository_Diff" namespace="global" fullPackage="VersionControl.Hg.Repository">
        <metrics methods="0" coveredmethods="0" conditionals="0" coveredconditionals="0" statements="0" coveredstatements="0" elements="0" coveredelements="0"/>
      </class>
      <line num="4" type="stmt" count="0"/>
      <line num="9" type="stmt" count="0"/>
      <metrics loc="8" ncloc="8" classes="1" methods="0" coveredmethods="0" conditionals="0" coveredconditionals="0" statements="2" coveredstatements="0" elements="2" coveredelements="0"/>
    </file>
    <file name="H:\Development\_Webroot\Trunk\VersionControl\Hg\Container\Repository\Exception.php">
      <class name="VersionControl_Hg_Container_Repository_Exception" namespace="global" fullPackage="Hg.Repository" category="VersionControl" package="Hg" subpackage="Repository">
        <metrics methods="1" coveredmethods="0" conditionals="0" coveredconditionals="0" statements="2" coveredstatements="0" elements="3" coveredelements="0"/>
      </class>
      <line num="68" type="method" name="__construct" crap="2" count="0"/>
      <line num="70" type="stmt" count="0"/>
      <line num="71" type="stmt" count="0"/>
      <metrics loc="72" ncloc="26" classes="1" methods="1" coveredmethods="0" conditionals="0" coveredconditionals="0" statements="2" coveredstatements="0" elements="3" coveredelements="0"/>
    </file>
    <file name="H:\Development\_Webroot\Trunk\VersionControl\Hg\Container\Repository\Interface.php">
      <line num="3" type="stmt" count="0"/>
      <line num="6" type="stmt" count="0"/>
      <metrics loc="5" ncloc="5" classes="0" methods="0" coveredmethods="0" conditionals="0" coveredconditionals="0" statements="2" coveredstatements="0" elements="2" coveredelements="0"/>
    </file>
    <file name="H:\Development\_Webroot\Trunk\VersionControl\Hg\Container\Repository\Revision.php">
      <class name="VersionControl_Hg_Repository_Revision" namespace="global" fullPackage="Hg.Repository" category="VersionControl" package="Hg" subpackage="Repository">
        <metrics methods="5" coveredmethods="0" conditionals="0" coveredconditionals="0" statements="18" coveredstatements="0" elements="23" coveredelements="0"/>
      </class>
      <line num="47" type="stmt" count="0"/>
      <line num="75" type="method" name="__construct" crap="2" count="0"/>
      <line num="77" type="stmt" count="0"/>
      <line num="79" type="stmt" count="0"/>
      <line num="80" type="stmt" count="0"/>
      <line num="88" type="method" name="getRevision" crap="2" count="0"/>
      <line num="90" type="stmt" count="0"/>
      <line num="101" type="method" name="setRevision" crap="2" count="0"/>
      <line num="103" type="stmt" count="0"/>
      <line num="104" type="stmt" count="0"/>
      <line num="113" type="method" name="findType" crap="12" count="0"/>
      <line num="116" type="stmt" count="0"/>
      <line num="117" type="stmt" count="0"/>
      <line num="118" type="stmt" count="0"/>
      <line num="119" type="stmt" count="0"/>
      <line num="120" type="stmt" count="0"/>
      <line num="121" type="stmt" count="0"/>
      <line num="122" type="stmt" count="0"/>
      <line num="123" type="stmt" count="0"/>
      <line num="125" type="stmt" count="0"/>
      <line num="127" type="stmt" count="0"/>
      <line num="135" type="method" name="__toString" crap="6" count="0"/>
      <line num="137" type="stmt" count="0"/>
      <line num="139" type="stmt" count="0"/>
      <line num="143" type="stmt" count="0"/>
      <metrics loc="142" ncloc="52" classes="1" methods="5" coveredmethods="0" conditionals="0" coveredconditionals="0" statements="20" coveredstatements="0" elements="25" coveredelements="0"/>
    </file>
    <file name="H:\Development\_Webroot\Trunk\VersionControl\Hg\Container\Repository\Tag.php">
      <class name="VersionControl_Hg_Repository_Tag" namespace="global" fullPackage="VersionControl.Hg.Repository">
        <metrics methods="0" coveredmethods="0" conditionals="0" coveredconditionals="0" statements="0" coveredstatements="0" elements="0" coveredelements="0"/>
      </class>
      <line num="4" type="stmt" count="0"/>
      <line num="9" type="stmt" count="0"/>
      <metrics loc="8" ncloc="8" classes="1" methods="0" coveredmethods="0" conditionals="0" coveredconditionals="0" statements="2" coveredstatements="0" elements="2" coveredelements="0"/>
    </file>
    <file name="H:\Development\_Webroot\Trunk\VersionControl\Hg\Container\Repository\Tip.php">
      <class name="VersionControl_Hg_Repository_Tip" namespace="global" fullPackage="VersionControl.Hg.Repository">
        <metrics methods="0" coveredmethods="0" conditionals="0" coveredconditionals="0" statements="0" coveredstatements="0" elements="0" coveredelements="0"/>
      </class>
      <line num="4" type="stmt" count="0"/>
      <line num="9" type="stmt" count="0"/>
      <metrics loc="8" ncloc="8" classes="1" methods="0" coveredmethods="0" conditionals="0" coveredconditionals="0" statements="2" coveredstatements="0" elements="2" coveredelements="0"/>
    </file>
    <file name="H:\Development\_Webroot\Trunk\VersionControl\Hg\Container\WorkingCopy.php">
      <line num="2" type="stmt" count="0"/>
      <metrics loc="1" ncloc="1" classes="0" methods="0" coveredmethods="0" conditionals="0" coveredconditionals="0" statements="1" coveredstatements="0" elements="1" coveredelements="0"/>
    </file>
    <file name="H:\Development\_Webroot\Trunk\VersionControl\Hg\Container\WorkingCopy\Directory.php">
      <class name="VersionControl_Hg_WorkingCopy_Directory" namespace="global" fullPackage="VersionControl.Hg.WorkingCopy">
        <metrics methods="0" coveredmethods="0" conditionals="0" coveredconditionals="0" statements="0" coveredstatements="0" elements="0" coveredelements="0"/>
      </class>
      <line num="4" type="stmt" count="0"/>
      <line num="9" type="stmt" count="0"/>
      <metrics loc="8" ncloc="8" classes="1" methods="0" coveredmethods="0" conditionals="0" coveredconditionals="0" statements="2" coveredstatements="0" elements="2" coveredelements="0"/>
    </file>
    <file name="H:\Development\_Webroot\Trunk\VersionControl\Hg\Container\WorkingCopy\Exception.php">
      <class name="VersionControl_Hg_Container_WorkingCopy_Exception" namespace="global" fullPackage="Hg.Repository" category="VersionControl" package="Hg" subpackage="Repository">
        <metrics methods="1" coveredmethods="0" conditionals="0" coveredconditionals="0" statements="2" coveredstatements="0" elements="3" coveredelements="0"/>
      </class>
      <line num="33" type="stmt" count="0"/>
      <line num="62" type="method" name="__construct" crap="2" count="0"/>
      <line num="63" type="stmt" count="0"/>
      <line num="64" type="stmt" count="0"/>
      <line num="66" type="stmt" count="0"/>
      <metrics loc="65" ncloc="20" classes="1" methods="1" coveredmethods="0" conditionals="0" coveredconditionals="0" statements="4" coveredstatements="0" elements="5" coveredelements="0"/>
    </file>
    <file name="H:\Development\_Webroot\Trunk\VersionControl\Hg\Container\WorkingCopy\File.php">
      <class name="VersionControl_Hg_WorkingCopy_File" namespace="global" fullPackage="VersionControl.Hg.WorkingCopy">
        <metrics methods="0" coveredmethods="0" conditionals="0" coveredconditionals="0" statements="0" coveredstatements="0" elements="0" coveredelements="0"/>
      </class>
      <line num="4" type="stmt" count="0"/>
      <line num="9" type="stmt" count="0"/>
      <metrics loc="8" ncloc="8" classes="1" methods="0" coveredmethods="0" conditionals="0" coveredconditionals="0" statements="2" coveredstatements="0" elements="2" coveredelements="0"/>
    </file>
    <file name="H:\Development\_Webroot\Trunk\VersionControl\Hg\Executable.php">
      <class name="VersionControl_Hg_Executable" namespace="global" fullPackage="Hg" category="VersionControl" package="Hg">
        <metrics methods="10" coveredmethods="0" conditionals="0" coveredconditionals="0" statements="53" coveredstatements="0" elements="63" coveredelements="0"/>
      </class>
      <line num="92" type="method" name="__construct" crap="2" count="0"/>
      <line num="95" type="stmt" count="0"/>
      <line num="98" type="stmt" count="0"/>
      <line num="103" type="stmt" count="0"/>
      <line num="113" type="method" name="getInstance" crap="6" count="0"/>
      <line num="115" type="stmt" count="0"/>
      <line num="116" type="stmt" count="0"/>
      <line num="117" type="stmt" count="0"/>
      <line num="119" type="stmt" count="0"/>
      <line num="132" type="method" name="setPath" crap="6" count="0"/>
      <line num="134" type="stmt" count="0"/>
      <line num="135" type="stmt" count="0"/>
      <line num="136" type="stmt" count="0"/>
      <line num="138" type="stmt" count="0"/>
      <line num="141" type="stmt" count="0"/>
      <line num="150" type="method" name="getPath" crap="2" count="0"/>
      <line num="152" type="stmt" count="0"/>
      <line num="171" type="method" name="setExecutable" crap="90" count="0"/>
      <line num="173" type="stmt" count="0"/>
      <line num="177" type="stmt" count="0"/>
      <line num="178" type="stmt" count="0"/>
      <line num="179" type="stmt" count="0"/>
      <line num="180" type="stmt" count="0"/>
      <line num="181" type="stmt" count="0"/>
      <line num="182" type="stmt" count="0"/>
      <line num="183" type="stmt" count="0"/>
      <line num="184" type="stmt" count="0"/>
      <line num="186" type="stmt" count="0"/>
      <line num="189" type="stmt" count="0"/>
      <line num="190" type="stmt" count="0"/>
      <line num="192" type="stmt" count="0"/>
      <line num="193" type="stmt" count="0"/>
      <line num="196" type="stmt" count="0"/>
      <line num="199" type="stmt" count="0"/>
      <line num="201" type="stmt" count="0"/>
      <line num="202" type="stmt" count="0"/>
      <line num="203" type="stmt" count="0"/>
      <line num="204" type="stmt" count="0"/>
      <line num="205" type="stmt" count="0"/>
      <line num="207" type="stmt" count="0"/>
      <line num="208" type="stmt" count="0"/>
      <line num="210" type="stmt" count="0"/>
      <line num="212" type="stmt" count="0"/>
      <line num="215" type="stmt" count="0"/>
      <line num="218" type="stmt" count="0"/>
      <line num="227" type="method" name="getExecutable" crap="6" count="0"/>
      <line num="231" type="stmt" count="0"/>
      <line num="232" type="stmt" count="0"/>
      <line num="234" type="stmt" count="0"/>
      <line num="237" type="stmt" count="0"/>
      <line num="250" type="method" name="setVersion" crap="2" count="0"/>
      <line num="252" type="stmt" count="0"/>
      <line num="263" type="stmt" count="0"/>
      <line num="270" type="method" name="getVersion" crap="6" count="0"/>
      <line num="276" type="stmt" count="0"/>
      <line num="278" type="stmt" count="0"/>
      <line num="280" type="stmt" count="0"/>
      <line num="283" type="stmt" count="0"/>
      <line num="291" type="method" name="__toString" crap="2" count="0"/>
      <line num="293" type="stmt" count="0"/>
      <line num="301" type="method" name="__clone" crap="2" count="0"/>
      <line num="303" type="stmt" count="0"/>
      <line num="304" type="stmt" count="0"/>
      <metrics loc="306" ncloc="119" classes="1" methods="10" coveredmethods="0" conditionals="0" coveredconditionals="0" statements="53" coveredstatements="0" elements="63" coveredelements="0"/>
    </file>
    <file name="H:\Development\_Webroot\Trunk\VersionControl\Hg\Executable\Exception.php">
      <class name="VersionControl_Hg_Executable_Exception" namespace="global" fullPackage="Hg.Exceptions" category="VersionControl" package="Hg" subpackage="Exceptions">
        <metrics methods="1" coveredmethods="0" conditionals="0" coveredconditionals="0" statements="2" coveredstatements="0" elements="3" coveredelements="0"/>
      </class>
      <line num="31" type="stmt" count="0"/>
      <line num="71" type="method" name="__construct" crap="2" count="0"/>
      <line num="72" type="stmt" count="0"/>
      <line num="73" type="stmt" count="0"/>
      <line num="76" type="stmt" count="0"/>
      <metrics loc="75" ncloc="22" classes="1" methods="1" coveredmethods="0" conditionals="0" coveredconditionals="0" statements="4" coveredstatements="0" elements="5" coveredelements="0"/>
    </file>
    <metrics files="44" loc="3547" ncloc="1369" classes="24" methods="77" coveredmethods="1" conditionals="0" coveredconditionals="0" statements="619" coveredstatements="3" elements="696" coveredelements="4"/>
  </project>
</coverage>
