<?xml version="1.0" encoding="UTF-8"?>
<coverage generated="1305834732">
  <project timestamp="1305834732">
    <file name="H:\Development\_Webroot\Trunk\VersionControl\Hg.php">
      <class name="VersionControl_Hg" namespace="global" fullPackage="Hg" category="VersionControl" package="Hg">
        <metrics methods="2" coveredmethods="2" conditionals="0" coveredconditionals="0" statements="24" coveredstatements="13" elements="26" coveredelements="15"/>
      </class>
      <line num="101" type="method" name="__construct" crap="1" count="14"/>
      <line num="105" type="stmt" count="14"/>
      <line num="109" type="stmt" count="14"/>
      <line num="110" type="stmt" count="14"/>
      <line num="126" type="method" name="__call" crap="17.20" count="14"/>
      <line num="128" type="stmt" count="14"/>
      <line num="130" type="stmt" count="14"/>
      <line num="131" type="stmt" count="14"/>
      <line num="137" type="stmt" count="14"/>
      <line num="138" type="stmt" count="14"/>
      <line num="139" type="stmt" count="14"/>
      <line num="140" type="stmt" count="14"/>
      <line num="141" type="stmt" count="14"/>
      <line num="142" type="stmt" count="14"/>
      <line num="143" type="stmt" count="14"/>
      <line num="145" type="stmt" count="0"/>
      <line num="146" type="stmt" count="0"/>
      <line num="147" type="stmt" count="0"/>
      <line num="150" type="stmt" count="0"/>
      <line num="151" type="stmt" count="0"/>
      <line num="152" type="stmt" count="0"/>
      <line num="153" type="stmt" count="0"/>
      <line num="154" type="stmt" count="0"/>
      <line num="156" type="stmt" count="0"/>
      <line num="157" type="stmt" count="0"/>
      <line num="158" type="stmt" count="0"/>
      <line num="162" type="stmt" count="0"/>
      <line num="165" type="stmt" count="0"/>
      <line num="166" type="stmt" count="0"/>
      <line num="168" type="stmt" count="0"/>
      <line num="192" type="stmt" count="0"/>
      <line num="200" type="stmt" count="0"/>
      <line num="202" type="stmt" count="0"/>
      <line num="205" type="stmt" count="0"/>
      <line num="207" type="stmt" count="0"/>
      <line num="209" type="stmt" count="0"/>
      <line num="210" type="stmt" count="0"/>
      <line num="212" type="stmt" count="0"/>
      <line num="228" type="stmt" count="0"/>
      <line num="231" type="stmt" count="0"/>
      <line num="232" type="stmt" count="0"/>
      <line num="233" type="stmt" count="0"/>
      <line num="235" type="stmt" count="0"/>
      <line num="238" type="stmt" count="0"/>
      <line num="240" type="stmt" count="0"/>
      <line num="242" type="stmt" count="0"/>
      <line num="243" type="stmt" count="0"/>
      <line num="245" type="stmt" count="0"/>
      <line num="257" type="stmt" count="0"/>
      <line num="258" type="stmt" count="0"/>
      <line num="259" type="stmt" count="0"/>
      <metrics loc="261" ncloc="97" classes="1" methods="2" coveredmethods="2" conditionals="0" coveredconditionals="0" statements="49" coveredstatements="13" elements="51" coveredelements="15"/>
    </file>
    <file name="H:\Development\_Webroot\Trunk\VersionControl\Hg\CommandProxy.php">
      <class name="VersionControl_Hg_CommandProxy" namespace="global" fullPackage="Hg" category="VersionControl" package="Hg">
        <metrics methods="4" coveredmethods="0" conditionals="0" coveredconditionals="0" statements="15" coveredstatements="0" elements="19" coveredelements="0"/>
      </class>
      <line num="63" type="method" name="__construct" crap="2" count="0"/>
      <line num="65" type="stmt" count="0"/>
      <line num="66" type="stmt" count="0"/>
      <line num="76" type="method" name="setCommand" crap="2" count="0"/>
      <line num="78" type="stmt" count="0"/>
      <line num="79" type="stmt" count="0"/>
      <line num="86" type="method" name="getCommand" crap="2" count="0"/>
      <line num="88" type="stmt" count="0"/>
      <line num="100" type="method" name="__call" crap="12" count="0"/>
      <line num="104" type="stmt" count="0"/>
      <line num="105" type="stmt" count="0"/>
      <line num="107" type="stmt" count="0"/>
      <line num="110" type="stmt" count="0"/>
      <line num="114" type="stmt" count="0"/>
      <line num="117" type="stmt" count="0"/>
      <line num="118" type="stmt" count="0"/>
      <line num="119" type="stmt" count="0"/>
      <line num="120" type="stmt" count="0"/>
      <line num="121" type="stmt" count="0"/>
      <line num="124" type="stmt" count="0"/>
      <line num="125" type="stmt" count="0"/>
      <line num="128" type="stmt" count="0"/>
      <metrics loc="130" ncloc="54" classes="1" methods="4" coveredmethods="0" conditionals="0" coveredconditionals="0" statements="18" coveredstatements="0" elements="22" coveredelements="0"/>
    </file>
    <file name="H:\Development\_Webroot\Trunk\VersionControl\Hg\Command\Abstract.php">
      <class name="VersionControl_Hg_Command_Abstract" namespace="global" fullPackage="Hg.Command" category="VersionControl" package="Hg" subpackage="Command">
        <metrics methods="2" coveredmethods="2" conditionals="0" coveredconditionals="0" statements="18" coveredstatements="4" elements="20" coveredelements="6"/>
      </class>
      <line num="139" type="method" name="__construct" crap="7.23" count="2"/>
      <line num="162" type="method" name="__call" crap="7.23" count="2"/>
      <line num="167" type="stmt" count="2"/>
      <line num="169" type="stmt" count="2"/>
      <line num="175" type="stmt" count="0"/>
      <line num="177" type="stmt" count="0"/>
      <line num="179" type="stmt" count="0"/>
      <line num="182" type="stmt" count="0"/>
      <line num="183" type="stmt" count="0"/>
      <line num="184" type="stmt" count="0"/>
      <line num="186" type="stmt" count="0"/>
      <line num="205" type="stmt" count="0"/>
      <line num="206" type="stmt" count="0"/>
      <line num="208" type="stmt" count="0"/>
      <line num="211" type="stmt" count="0"/>
      <line num="233" type="stmt" count="2"/>
      <line num="234" type="stmt" count="0"/>
      <line num="236" type="stmt" count="0"/>
      <line num="239" type="stmt" count="0"/>
      <line num="254" type="stmt" count="0"/>
      <line num="255" type="stmt" count="0"/>
      <line num="256" type="stmt" count="0"/>
      <line num="258" type="stmt" count="0"/>
      <line num="261" type="stmt" count="0"/>
      <line num="262" type="stmt" count="0"/>
      <line num="264" type="stmt" count="0"/>
      <line num="265" type="stmt" count="0"/>
      <line num="267" type="stmt" count="0"/>
      <line num="268" type="stmt" count="0"/>
      <line num="271" type="stmt" count="0"/>
      <line num="274" type="stmt" count="0"/>
      <line num="288" type="stmt" count="2"/>
      <line num="289" type="stmt" count="0"/>
      <line num="290" type="stmt" count="0"/>
      <line num="291" type="stmt" count="0"/>
      <line num="292" type="stmt" count="0"/>
      <line num="293" type="stmt" count="0"/>
      <line num="294" type="stmt" count="0"/>
      <line num="299" type="stmt" count="2"/>
      <line num="303" type="stmt" count="2"/>
      <line num="305" type="stmt" count="2"/>
      <line num="308" type="stmt" count="0"/>
      <line num="312" type="stmt" count="0"/>
      <line num="313" type="stmt" count="0"/>
      <line num="314" type="stmt" count="0"/>
      <line num="315" type="stmt" count="0"/>
      <line num="316" type="stmt" count="0"/>
      <line num="317" type="stmt" count="0"/>
      <line num="318" type="stmt" count="0"/>
      <line num="319" type="stmt" count="2"/>
      <line num="321" type="stmt" count="2"/>
      <line num="322" type="stmt" count="2"/>
      <line num="323" type="stmt" count="2"/>
      <line num="324" type="stmt" count="2"/>
      <line num="335" type="stmt" count="0"/>
      <line num="339" type="stmt" count="0"/>
      <line num="340" type="stmt" count="0"/>
      <line num="341" type="stmt" count="0"/>
      <line num="342" type="stmt" count="0"/>
      <line num="344" type="stmt" count="0"/>
      <line num="345" type="stmt" count="0"/>
      <line num="350" type="stmt" count="0"/>
      <line num="352" type="stmt" count="0"/>
      <line num="353" type="stmt" count="0"/>
      <line num="356" type="stmt" count="0"/>
      <line num="357" type="stmt" count="0"/>
      <line num="358" type="stmt" count="0"/>
      <line num="359" type="stmt" count="0"/>
      <line num="363" type="stmt" count="0"/>
      <line num="364" type="stmt" count="0"/>
      <line num="365" type="stmt" count="0"/>
      <line num="368" type="stmt" count="0"/>
      <line num="369" type="stmt" count="0"/>
      <line num="372" type="stmt" count="0"/>
      <line num="374" type="stmt" count="0"/>
      <line num="380" type="stmt" count="0"/>
      <line num="381" type="stmt" count="0"/>
      <line num="383" type="stmt" count="0"/>
      <line num="398" type="stmt" count="2"/>
      <line num="399" type="stmt" count="2"/>
      <line num="400" type="stmt" count="2"/>
      <line num="401" type="stmt" count="2"/>
      <line num="402" type="stmt" count="2"/>
      <line num="403" type="stmt" count="2"/>
      <line num="404" type="stmt" count="2"/>
      <line num="406" type="stmt" count="2"/>
      <line num="407" type="stmt" count="0"/>
      <line num="408" type="stmt" count="0"/>
      <line num="409" type="stmt" count="0"/>
      <line num="410" type="stmt" count="0"/>
      <line num="413" type="stmt" count="2"/>
      <line num="414" type="stmt" count="0"/>
      <line num="416" type="stmt" count="0"/>
      <line num="417" type="stmt" count="0"/>
      <line num="419" type="stmt" count="2"/>
      <line num="421" type="stmt" count="2"/>
      <line num="434" type="stmt" count="2"/>
      <line num="435" type="stmt" count="0"/>
      <line num="437" type="stmt" count="0"/>
      <line num="440" type="stmt" count="2"/>
      <line num="441" type="stmt" count="2"/>
      <line num="442" type="stmt" count="2"/>
      <line num="444" type="stmt" count="2"/>
      <line num="455" type="stmt" count="0"/>
      <line num="464" type="stmt" count="2"/>
      <line num="476" type="stmt" count="0"/>
      <line num="478" type="stmt" count="0"/>
      <line num="481" type="stmt" count="0"/>
      <line num="482" type="stmt" count="0"/>
      <line num="483" type="stmt" count="0"/>
      <line num="485" type="stmt" count="0"/>
      <line num="501" type="stmt" count="0"/>
      <line num="502" type="stmt" count="0"/>
      <line num="503" type="stmt" count="0"/>
      <line num="510" type="stmt" count="0"/>
      <line num="512" type="stmt" count="0"/>
      <line num="514" type="stmt" count="0"/>
      <line num="518" type="stmt" count="0"/>
      <line num="520" type="stmt" count="0"/>
      <line num="524" type="stmt" count="0"/>
      <line num="528" type="stmt" count="0"/>
      <line num="531" type="stmt" count="0"/>
      <line num="532" type="stmt" count="0"/>
      <line num="534" type="stmt" count="0"/>
      <line num="539" type="stmt" count="0"/>
      <line num="541" type="stmt" count="0"/>
      <line num="542" type="stmt" count="0"/>
      <line num="544" type="stmt" count="0"/>
      <line num="545" type="stmt" count="0"/>
      <line num="547" type="stmt" count="0"/>
      <line num="549" type="stmt" count="0"/>
      <line num="550" type="stmt" count="0"/>
      <line num="551" type="stmt" count="0"/>
      <line num="553" type="stmt" count="0"/>
      <line num="554" type="stmt" count="0"/>
      <line num="555" type="stmt" count="0"/>
      <line num="558" type="stmt" count="0"/>
      <line num="559" type="stmt" count="0"/>
      <line num="561" type="stmt" count="0"/>
      <line num="562" type="stmt" count="0"/>
      <line num="564" type="stmt" count="0"/>
      <line num="567" type="stmt" count="0"/>
      <line num="568" type="stmt" count="0"/>
      <line num="569" type="stmt" count="0"/>
      <line num="571" type="stmt" count="0"/>
      <line num="573" type="stmt" count="0"/>
      <line num="575" type="stmt" count="0"/>
      <line num="576" type="stmt" count="0"/>
      <line num="583" type="stmt" count="0"/>
      <line num="584" type="stmt" count="0"/>
      <line num="586" type="stmt" count="0"/>
      <line num="587" type="stmt" count="0"/>
      <line num="588" type="stmt" count="0"/>
      <line num="589" type="stmt" count="0"/>
      <line num="592" type="stmt" count="0"/>
      <line num="604" type="stmt" count="0"/>
      <line num="605" type="stmt" count="0"/>
      <line num="614" type="stmt" count="0"/>
      <line num="628" type="stmt" count="0"/>
      <line num="629" type="stmt" count="2"/>
      <line num="630" type="stmt" count="0"/>
      <line num="631" type="stmt" count="0"/>
      <line num="632" type="stmt" count="0"/>
      <line num="641" type="stmt" count="0"/>
      <line num="661" type="stmt" count="0"/>
      <line num="664" type="stmt" count="0"/>
      <metrics loc="666" ncloc="305" classes="1" methods="2" coveredmethods="2" conditionals="0" coveredconditionals="0" statements="173" coveredstatements="32" elements="175" coveredelements="34"/>
    </file>
    <file name="H:\Development\_Webroot\Trunk\VersionControl\Hg\Command\Add.php">
      <class name="VersionControl_Hg_Command_Add" namespace="global" fullPackage="Hg.Command" category="VersionControl" package="Hg" subpackage="Command">
        <metrics methods="2" coveredmethods="1" conditionals="0" coveredconditionals="0" statements="3" coveredstatements="1" elements="5" coveredelements="2"/>
      </class>
      <line num="101" type="method" name="__construct" crap="1.12" count="1"/>
      <line num="104" type="stmt" count="1"/>
      <line num="105" type="stmt" count="0"/>
      <line num="114" type="method" name="execute" crap="2" count="0"/>
      <line num="117" type="stmt" count="0"/>
      <metrics loc="119" ncloc="34" classes="1" methods="2" coveredmethods="1" conditionals="0" coveredconditionals="0" statements="3" coveredstatements="1" elements="5" coveredelements="2"/>
    </file>
    <file name="H:\Development\_Webroot\Trunk\VersionControl\Hg\Command\Archive.php">
      <class name="VersionControl_Hg_Command_Archive" namespace="global" fullPackage="Hg.Command" category="VersionControl" package="Hg" subpackage="Command">
        <metrics methods="2" coveredmethods="0" conditionals="0" coveredconditionals="0" statements="25" coveredstatements="0" elements="27" coveredelements="0"/>
      </class>
      <line num="20" type="stmt" count="0"/>
      <line num="25" type="stmt" count="0"/>
      <line num="30" type="stmt" count="0"/>
      <line num="52" type="stmt" count="0"/>
      <line num="122" type="method" name="__construct" crap="56" count="0"/>
      <line num="125" type="stmt" count="0"/>
      <line num="131" type="stmt" count="0"/>
      <line num="133" type="stmt" count="0"/>
      <line num="135" type="stmt" count="0"/>
      <line num="136" type="stmt" count="0"/>
      <line num="137" type="stmt" count="0"/>
      <line num="138" type="stmt" count="0"/>
      <line num="139" type="stmt" count="0"/>
      <line num="140" type="stmt" count="0"/>
      <line num="141" type="stmt" count="0"/>
      <line num="143" type="stmt" count="0"/>
      <line num="144" type="stmt" count="0"/>
      <line num="145" type="stmt" count="0"/>
      <line num="146" type="stmt" count="0"/>
      <line num="147" type="stmt" count="0"/>
      <line num="159" type="method" name="to" crap="12" count="0"/>
      <line num="162" type="stmt" count="0"/>
      <line num="163" type="stmt" count="0"/>
      <line num="164" type="stmt" count="0"/>
      <line num="167" type="stmt" count="0"/>
      <line num="171" type="stmt" count="0"/>
      <line num="172" type="stmt" count="0"/>
      <line num="173" type="stmt" count="0"/>
      <line num="174" type="stmt" count="0"/>
      <line num="175" type="stmt" count="0"/>
      <line num="176" type="stmt" count="0"/>
      <line num="179" type="stmt" count="0"/>
      <line num="182" type="stmt" count="0"/>
      <line num="197" type="stmt" count="0"/>
      <line num="198" type="stmt" count="0"/>
      <line num="199" type="stmt" count="0"/>
      <line num="200" type="stmt" count="0"/>
      <line num="201" type="stmt" count="0"/>
      <line num="204" type="stmt" count="0"/>
      <line num="207" type="stmt" count="0"/>
      <line num="227" type="stmt" count="0"/>
      <line num="228" type="stmt" count="0"/>
      <line num="230" type="stmt" count="0"/>
      <line num="233" type="stmt" count="0"/>
      <line num="235" type="stmt" count="0"/>
      <line num="257" type="stmt" count="0"/>
      <line num="258" type="stmt" count="0"/>
      <line num="259" type="stmt" count="0"/>
      <line num="262" type="stmt" count="0"/>
      <line num="265" type="stmt" count="0"/>
      <line num="267" type="stmt" count="0"/>
      <line num="279" type="stmt" count="0"/>
      <line num="280" type="stmt" count="0"/>
      <line num="281" type="stmt" count="0"/>
      <line num="287" type="stmt" count="0"/>
      <line num="289" type="stmt" count="0"/>
      <line num="290" type="stmt" count="0"/>
      <line num="292" type="stmt" count="0"/>
      <line num="307" type="stmt" count="0"/>
      <line num="308" type="stmt" count="0"/>
      <line num="309" type="stmt" count="0"/>
      <line num="310" type="stmt" count="0"/>
      <line num="312" type="stmt" count="0"/>
      <line num="316" type="stmt" count="0"/>
      <line num="319" type="stmt" count="0"/>
      <line num="321" type="stmt" count="0"/>
      <line num="322" type="stmt" count="0"/>
      <line num="324" type="stmt" count="0"/>
      <line num="327" type="stmt" count="0"/>
      <line num="330" type="stmt" count="0"/>
      <metrics loc="329" ncloc="147" classes="1" methods="2" coveredmethods="0" conditionals="0" coveredconditionals="0" statements="68" coveredstatements="0" elements="70" coveredelements="0"/>
    </file>
    <file name="H:\Development\_Webroot\Trunk\VersionControl\Hg\Command\Backout.php">
      <class name="VersionControl_Hg_Command_Backout" namespace="global" fullPackage="Hg.Command" category="VersionControl" package="Hg" subpackage="Command">
        <metrics methods="2" coveredmethods="1" conditionals="0" coveredconditionals="0" statements="3" coveredstatements="1" elements="5" coveredelements="2"/>
      </class>
      <line num="95" type="method" name="__construct" crap="1.12" count="1"/>
      <line num="98" type="stmt" count="1"/>
      <line num="99" type="stmt" count="0"/>
      <line num="108" type="method" name="execute" crap="2" count="0"/>
      <line num="111" type="stmt" count="0"/>
      <metrics loc="113" ncloc="34" classes="1" methods="2" coveredmethods="1" conditionals="0" coveredconditionals="0" statements="3" coveredstatements="1" elements="5" coveredelements="2"/>
    </file>
    <file name="H:\Development\_Webroot\Trunk\VersionControl\Hg\Command\Branch.php">
      <class name="VersionControl_Hg_Command_Branch" namespace="global" fullPackage="Hg.Command" category="VersionControl" package="Hg" subpackage="Command">
        <metrics methods="2" coveredmethods="1" conditionals="0" coveredconditionals="0" statements="3" coveredstatements="1" elements="5" coveredelements="2"/>
      </class>
      <line num="95" type="method" name="__construct" crap="1.12" count="1"/>
      <line num="98" type="stmt" count="1"/>
      <line num="99" type="stmt" count="0"/>
      <line num="108" type="method" name="execute" crap="2" count="0"/>
      <line num="111" type="stmt" count="0"/>
      <metrics loc="113" ncloc="34" classes="1" methods="2" coveredmethods="1" conditionals="0" coveredconditionals="0" statements="3" coveredstatements="1" elements="5" coveredelements="2"/>
    </file>
    <file name="H:\Development\_Webroot\Trunk\VersionControl\Hg\Command\Bundle.php">
      <class name="VersionControl_Hg_Command_Bundle" namespace="global" fullPackage="Hg.Command" category="VersionControl" package="Hg" subpackage="Command">
        <metrics methods="2" coveredmethods="1" conditionals="0" coveredconditionals="0" statements="3" coveredstatements="1" elements="5" coveredelements="2"/>
      </class>
      <line num="95" type="method" name="__construct" crap="1.12" count="1"/>
      <line num="98" type="stmt" count="1"/>
      <line num="99" type="stmt" count="0"/>
      <line num="108" type="method" name="execute" crap="2" count="0"/>
      <line num="111" type="stmt" count="0"/>
      <metrics loc="113" ncloc="34" classes="1" methods="2" coveredmethods="1" conditionals="0" coveredconditionals="0" statements="3" coveredstatements="1" elements="5" coveredelements="2"/>
    </file>
    <file name="H:\Development\_Webroot\Trunk\VersionControl\Hg\Command\Cat.php">
      <class name="VersionControl_Hg_Command_Cat" namespace="global" fullPackage="Hg.Command" category="VersionControl" package="Hg" subpackage="Command">
        <metrics methods="2" coveredmethods="1" conditionals="0" coveredconditionals="0" statements="3" coveredstatements="1" elements="5" coveredelements="2"/>
      </class>
      <line num="95" type="method" name="__construct" crap="1.12" count="1"/>
      <line num="98" type="stmt" count="1"/>
      <line num="99" type="stmt" count="0"/>
      <line num="108" type="method" name="execute" crap="2" count="0"/>
      <line num="111" type="stmt" count="0"/>
      <metrics loc="113" ncloc="34" classes="1" methods="2" coveredmethods="1" conditionals="0" coveredconditionals="0" statements="3" coveredstatements="1" elements="5" coveredelements="2"/>
    </file>
    <file name="H:\Development\_Webroot\Trunk\VersionControl\Hg\Command\Clone.php">
      <class name="VersionControl_Hg_Command_Clone" namespace="global" fullPackage="Hg.Command" category="VersionControl" package="Hg" subpackage="Command">
        <metrics methods="2" coveredmethods="1" conditionals="0" coveredconditionals="0" statements="3" coveredstatements="1" elements="5" coveredelements="2"/>
      </class>
      <line num="95" type="method" name="__construct" crap="1.12" count="1"/>
      <line num="98" type="stmt" count="1"/>
      <line num="99" type="stmt" count="0"/>
      <line num="108" type="method" name="execute" crap="2" count="0"/>
      <line num="111" type="stmt" count="0"/>
      <metrics loc="113" ncloc="34" classes="1" methods="2" coveredmethods="1" conditionals="0" coveredconditionals="0" statements="3" coveredstatements="1" elements="5" coveredelements="2"/>
    </file>
    <file name="H:\Development\_Webroot\Trunk\VersionControl\Hg\Command\Commit.php">
      <class name="VersionControl_Hg_Command_Commit" namespace="global" fullPackage="Hg.Command" category="VersionControl" package="Hg" subpackage="Command">
        <metrics methods="2" coveredmethods="1" conditionals="0" coveredconditionals="0" statements="3" coveredstatements="1" elements="5" coveredelements="2"/>
      </class>
      <line num="95" type="method" name="__construct" crap="1.12" count="1"/>
      <line num="98" type="stmt" count="1"/>
      <line num="99" type="stmt" count="0"/>
      <line num="108" type="method" name="execute" crap="2" count="0"/>
      <line num="111" type="stmt" count="0"/>
      <metrics loc="113" ncloc="34" classes="1" methods="2" coveredmethods="1" conditionals="0" coveredconditionals="0" statements="3" coveredstatements="1" elements="5" coveredelements="2"/>
    </file>
    <file name="H:\Development\_Webroot\Trunk\VersionControl\Hg\Command\Copy.php">
      <class name="VersionControl_Hg_Command_Copy" namespace="global" fullPackage="Hg.Command" category="VersionControl" package="Hg" subpackage="Command">
        <metrics methods="2" coveredmethods="1" conditionals="0" coveredconditionals="0" statements="3" coveredstatements="1" elements="5" coveredelements="2"/>
      </class>
      <line num="95" type="method" name="__construct" crap="1.12" count="1"/>
      <line num="98" type="stmt" count="1"/>
      <line num="99" type="stmt" count="0"/>
      <line num="108" type="method" name="execute" crap="2" count="0"/>
      <line num="111" type="stmt" count="0"/>
      <metrics loc="113" ncloc="34" classes="1" methods="2" coveredmethods="1" conditionals="0" coveredconditionals="0" statements="3" coveredstatements="1" elements="5" coveredelements="2"/>
    </file>
    <file name="H:\Development\_Webroot\Trunk\VersionControl\Hg\Command\Diff.php">
      <class name="VersionControl_Hg_Command_Diff" namespace="global" fullPackage="Hg.Command" category="VersionControl" package="Hg" subpackage="Command">
        <metrics methods="2" coveredmethods="0" conditionals="0" coveredconditionals="0" statements="3" coveredstatements="0" elements="5" coveredelements="0"/>
      </class>
      <line num="20" type="stmt" count="0"/>
      <line num="25" type="stmt" count="0"/>
      <line num="30" type="stmt" count="0"/>
      <line num="58" type="stmt" count="0"/>
      <line num="98" type="method" name="__construct" crap="2" count="0"/>
      <line num="101" type="stmt" count="0"/>
      <line num="102" type="stmt" count="0"/>
      <line num="111" type="method" name="execute" crap="2" count="0"/>
      <line num="114" type="stmt" count="0"/>
      <line num="117" type="stmt" count="0"/>
      <metrics loc="116" ncloc="34" classes="1" methods="2" coveredmethods="0" conditionals="0" coveredconditionals="0" statements="8" coveredstatements="0" elements="10" coveredelements="0"/>
    </file>
    <file name="H:\Development\_Webroot\Trunk\VersionControl\Hg\Command\Exception.php">
      <class name="VersionControl_Hg_Command_Exception" namespace="global" fullPackage="Hg.Command" category="VersionControl" package="Hg" subpackage="Command">
        <metrics methods="1" coveredmethods="0" conditionals="0" coveredconditionals="0" statements="3" coveredstatements="0" elements="4" coveredelements="0"/>
      </class>
      <line num="68" type="method" name="__construct" crap="2" count="0"/>
      <line num="72" type="stmt" count="0"/>
      <line num="74" type="stmt" count="0"/>
      <line num="75" type="stmt" count="0"/>
      <metrics loc="76" ncloc="26" classes="1" methods="1" coveredmethods="0" conditionals="0" coveredconditionals="0" statements="3" coveredstatements="0" elements="4" coveredelements="0"/>
    </file>
    <file name="H:\Development\_Webroot\Trunk\VersionControl\Hg\Command\Export.php">
      <class name="VersionControl_Hg_Command_Export" namespace="global" fullPackage="Hg.Command" category="VersionControl" package="Hg" subpackage="Command">
        <metrics methods="2" coveredmethods="1" conditionals="0" coveredconditionals="0" statements="3" coveredstatements="1" elements="5" coveredelements="2"/>
      </class>
      <line num="95" type="method" name="__construct" crap="1.12" count="1"/>
      <line num="98" type="stmt" count="1"/>
      <line num="99" type="stmt" count="0"/>
      <line num="108" type="method" name="execute" crap="2" count="0"/>
      <line num="111" type="stmt" count="0"/>
      <metrics loc="113" ncloc="34" classes="1" methods="2" coveredmethods="1" conditionals="0" coveredconditionals="0" statements="3" coveredstatements="1" elements="5" coveredelements="2"/>
    </file>
    <file name="H:\Development\_Webroot\Trunk\VersionControl\Hg\Command\Forget.php">
      <class name="VersionControl_Hg_Command_Forget" namespace="global" fullPackage="Hg.Command" category="VersionControl" package="Hg" subpackage="Command">
        <metrics methods="2" coveredmethods="1" conditionals="0" coveredconditionals="0" statements="3" coveredstatements="1" elements="5" coveredelements="2"/>
      </class>
      <line num="95" type="method" name="__construct" crap="1.12" count="1"/>
      <line num="98" type="stmt" count="1"/>
      <line num="99" type="stmt" count="0"/>
      <line num="108" type="method" name="execute" crap="2" count="0"/>
      <line num="111" type="stmt" count="0"/>
      <metrics loc="113" ncloc="34" classes="1" methods="2" coveredmethods="1" conditionals="0" coveredconditionals="0" statements="3" coveredstatements="1" elements="5" coveredelements="2"/>
    </file>
    <file name="H:\Development\_Webroot\Trunk\VersionControl\Hg\Command\Import.php">
      <class name="VersionControl_Hg_Command_Import" namespace="global" fullPackage="Hg.Command" category="VersionControl" package="Hg" subpackage="Command">
        <metrics methods="2" coveredmethods="1" conditionals="0" coveredconditionals="0" statements="3" coveredstatements="1" elements="5" coveredelements="2"/>
      </class>
      <line num="95" type="method" name="__construct" crap="1.12" count="1"/>
      <line num="98" type="stmt" count="1"/>
      <line num="99" type="stmt" count="0"/>
      <line num="108" type="method" name="execute" crap="2" count="0"/>
      <line num="111" type="stmt" count="0"/>
      <metrics loc="113" ncloc="34" classes="1" methods="2" coveredmethods="1" conditionals="0" coveredconditionals="0" statements="3" coveredstatements="1" elements="5" coveredelements="2"/>
    </file>
    <file name="H:\Development\_Webroot\Trunk\VersionControl\Hg\Command\Init.php">
      <class name="VersionControl_Hg_Command_Init" namespace="global" fullPackage="Hg.Command" category="VersionControl" package="Hg" subpackage="Command">
        <metrics methods="2" coveredmethods="2" conditionals="0" coveredconditionals="0" statements="14" coveredstatements="6" elements="16" coveredelements="8"/>
      </class>
      <line num="96" type="method" name="__construct" crap="3.07" count="5"/>
      <line num="98" type="stmt" count="5"/>
      <line num="102" type="stmt" count="2"/>
      <line num="104" type="stmt" count="2"/>
      <line num="106" type="stmt" count="0"/>
      <line num="108" type="stmt" count="2"/>
      <line num="117" type="method" name="execute" crap="7.23" count="2"/>
      <line num="120" type="stmt" count="2"/>
      <line num="122" type="stmt" count="2"/>
      <line num="132" type="stmt" count="0"/>
      <line num="133" type="stmt" count="0"/>
      <line num="134" type="stmt" count="0"/>
      <line num="136" type="stmt" count="0"/>
      <line num="137" type="stmt" count="0"/>
      <line num="141" type="stmt" count="0"/>
      <line num="142" type="stmt" count="0"/>
      <line num="144" type="stmt" count="2"/>
      <line num="145" type="stmt" count="0"/>
      <line num="146" type="stmt" count="0"/>
      <line num="147" type="stmt" count="0"/>
      <line num="148" type="stmt" count="0"/>
      <line num="151" type="stmt" count="2"/>
      <line num="152" type="stmt" count="0"/>
      <line num="153" type="stmt" count="0"/>
      <line num="154" type="stmt" count="0"/>
      <line num="155" type="stmt" count="0"/>
      <line num="161" type="stmt" count="2"/>
      <line num="162" type="stmt" count="2"/>
      <line num="163" type="stmt" count="2"/>
      <line num="168" type="stmt" count="2"/>
      <line num="170" type="stmt" count="2"/>
      <line num="173" type="stmt" count="2"/>
      <line num="177" type="stmt" count="2"/>
      <line num="180" type="stmt" count="0"/>
      <line num="182" type="stmt" count="0"/>
      <line num="183" type="stmt" count="0"/>
      <line num="185" type="stmt" count="0"/>
      <line num="187" type="stmt" count="0"/>
      <line num="188" type="stmt" count="0"/>
      <line num="190" type="stmt" count="0"/>
      <line num="202" type="stmt" count="2"/>
      <line num="204" type="stmt" count="2"/>
      <line num="207" type="stmt" count="0"/>
      <line num="208" type="stmt" count="0"/>
      <line num="211" type="stmt" count="2"/>
      <line num="223" type="stmt" count="2"/>
      <line num="225" type="stmt" count="2"/>
      <line num="228" type="stmt" count="2"/>
      <line num="229" type="stmt" count="0"/>
      <line num="230" type="stmt" count="0"/>
      <line num="233" type="stmt" count="2"/>
      <metrics loc="236" ncloc="104" classes="1" methods="2" coveredmethods="2" conditionals="0" coveredconditionals="0" statements="49" coveredstatements="22" elements="51" coveredelements="24"/>
    </file>
    <file name="H:\Development\_Webroot\Trunk\VersionControl\Hg\Command\Log.php">
      <class name="VersionControl_Hg_Command_Log" namespace="global" fullPackage="Hg.Command" category="VersionControl" package="Hg" subpackage="Command">
        <metrics methods="10" coveredmethods="0" conditionals="0" coveredconditionals="0" statements="51" coveredstatements="0" elements="61" coveredelements="0"/>
      </class>
      <line num="19" type="stmt" count="0"/>
      <line num="24" type="stmt" count="0"/>
      <line num="29" type="stmt" count="0"/>
      <line num="91" type="stmt" count="0"/>
      <line num="151" type="method" name="__construct" crap="2" count="0"/>
      <line num="154" type="stmt" count="0"/>
      <line num="156" type="stmt" count="0"/>
      <line num="157" type="stmt" count="0"/>
      <line num="166" type="method" name="execute" crap="12" count="0"/>
      <line num="172" type="stmt" count="0"/>
      <line num="173" type="stmt" count="0"/>
      <line num="174" type="stmt" count="0"/>
      <line num="180" type="stmt" count="0"/>
      <line num="182" type="stmt" count="0"/>
      <line num="183" type="stmt" count="0"/>
      <line num="185" type="stmt" count="0"/>
      <line num="189" type="stmt" count="0"/>
      <line num="192" type="stmt" count="0"/>
      <line num="194" type="stmt" count="0"/>
      <line num="195" type="stmt" count="0"/>
      <line num="197" type="stmt" count="0"/>
      <line num="200" type="stmt" count="0"/>
      <line num="201" type="stmt" count="0"/>
      <line num="202" type="stmt" count="0"/>
      <line num="204" type="stmt" count="0"/>
      <line num="219" type="method" name="revision" crap="6" count="0"/>
      <line num="222" type="stmt" count="0"/>
      <line num="223" type="stmt" count="0"/>
      <line num="225" type="stmt" count="0"/>
      <line num="234" type="stmt" count="0"/>
      <line num="237" type="stmt" count="0"/>
      <line num="251" type="method" name="removed" crap="2" count="0"/>
      <line num="253" type="stmt" count="0"/>
      <line num="254" type="stmt" count="0"/>
      <line num="267" type="method" name="copied" crap="2" count="0"/>
      <line num="269" type="stmt" count="0"/>
      <line num="270" type="stmt" count="0"/>
      <line num="289" type="method" name="files" crap="2" count="0"/>
      <line num="291" type="stmt" count="0"/>
      <line num="292" type="stmt" count="0"/>
      <line num="305" type="method" name="on" crap="2" count="0"/>
      <line num="307" type="stmt" count="0"/>
      <line num="308" type="stmt" count="0"/>
      <line num="309" type="stmt" count="0"/>
      <line num="310" type="stmt" count="0"/>
      <line num="312" type="stmt" count="0"/>
      <line num="326" type="method" name="before" crap="2" count="0"/>
      <line num="328" type="stmt" count="0"/>
      <line num="329" type="stmt" count="0"/>
      <line num="330" type="stmt" count="0"/>
      <line num="331" type="stmt" count="0"/>
      <line num="333" type="stmt" count="0"/>
      <line num="347" type="method" name="after" crap="2" count="0"/>
      <line num="349" type="stmt" count="0"/>
      <line num="350" type="stmt" count="0"/>
      <line num="351" type="stmt" count="0"/>
      <line num="352" type="stmt" count="0"/>
      <line num="354" type="stmt" count="0"/>
      <line num="368" type="method" name="between" crap="2" count="0"/>
      <line num="373" type="stmt" count="0"/>
      <line num="374" type="stmt" count="0"/>
      <line num="375" type="stmt" count="0"/>
      <line num="376" type="stmt" count="0"/>
      <line num="377" type="stmt" count="0"/>
      <line num="379" type="stmt" count="0"/>
      <line num="382" type="stmt" count="0"/>
      <metrics loc="381" ncloc="129" classes="1" methods="10" coveredmethods="0" conditionals="0" coveredconditionals="0" statements="56" coveredstatements="0" elements="66" coveredelements="0"/>
    </file>
    <file name="H:\Development\_Webroot\Trunk\VersionControl\Hg\Command\Output\Formatter.php">
      <class name="VersionControl_Hg_Command_Output_Formatter" namespace="global" fullPackage="Hg.Output" category="VersionControl" package="Hg" subpackage="Output">
        <metrics methods="7" coveredmethods="0" conditionals="0" coveredconditionals="0" statements="30" coveredstatements="0" elements="37" coveredelements="0"/>
      </class>
      <line num="49" type="method" name="__construct" crap="2" count="0"/>
      <line num="51" type="stmt" count="0"/>
      <line num="58" type="method" name="toJson" crap="2" count="0"/>
      <line num="60" type="stmt" count="0"/>
      <line num="68" type="method" name="toYaml" crap="6" count="0"/>
      <line num="69" type="stmt" count="0"/>
      <line num="70" type="stmt" count="0"/>
      <line num="71" type="stmt" count="0"/>
      <line num="73" type="stmt" count="0"/>
      <line num="76" type="stmt" count="0"/>
      <line num="86" type="method" name="toRaw" crap="6" count="0"/>
      <line num="87" type="stmt" count="0"/>
      <line num="89" type="stmt" count="0"/>
      <line num="90" type="stmt" count="0"/>
      <line num="91" type="stmt" count="0"/>
      <line num="93" type="stmt" count="0"/>
      <line num="101" type="method" name="toSerialize" crap="2" count="0"/>
      <line num="102" type="stmt" count="0"/>
      <line num="116" type="method" name="toXML" crap="72" count="0"/>
      <line num="120" type="stmt" count="0"/>
      <line num="123" type="stmt" count="0"/>
      <line num="126" type="stmt" count="0"/>
      <line num="127" type="stmt" count="0"/>
      <line num="128" type="stmt" count="0"/>
      <line num="129" type="stmt" count="0"/>
      <line num="132" type="stmt" count="0"/>
      <line num="135" type="stmt" count="0"/>
      <line num="136" type="stmt" count="0"/>
      <line num="139" type="stmt" count="0"/>
      <line num="140" type="stmt" count="0"/>
      <line num="141" type="stmt" count="0"/>
      <line num="144" type="stmt" count="0"/>
      <line num="145" type="stmt" count="0"/>
      <line num="147" type="stmt" count="0"/>
      <line num="150" type="stmt" count="0"/>
      <line num="161" type="method" name="isAssoc" crap="6" count="0"/>
      <line num="162" type="stmt" count="0"/>
      <metrics loc="164" ncloc="53" classes="1" methods="7" coveredmethods="0" conditionals="0" coveredconditionals="0" statements="30" coveredstatements="0" elements="37" coveredelements="0"/>
    </file>
    <file name="H:\Development\_Webroot\Trunk\VersionControl\Hg\Command\Patch.php">
      <class name="VersionControl_Hg_Command_Patch" namespace="global" fullPackage="Hg.Command" category="VersionControl" package="Hg" subpackage="Command">
        <metrics methods="2" coveredmethods="1" conditionals="0" coveredconditionals="0" statements="3" coveredstatements="1" elements="5" coveredelements="2"/>
      </class>
      <line num="95" type="method" name="__construct" crap="1.12" count="1"/>
      <line num="98" type="stmt" count="1"/>
      <line num="99" type="stmt" count="0"/>
      <line num="108" type="method" name="execute" crap="2" count="0"/>
      <line num="111" type="stmt" count="0"/>
      <metrics loc="113" ncloc="34" classes="1" methods="2" coveredmethods="1" conditionals="0" coveredconditionals="0" statements="3" coveredstatements="1" elements="5" coveredelements="2"/>
    </file>
    <file name="H:\Development\_Webroot\Trunk\VersionControl\Hg\Command\Pull.php">
      <class name="VersionControl_Hg_Command_Pull" namespace="global" fullPackage="Hg.Command" category="VersionControl" package="Hg" subpackage="Command">
        <metrics methods="2" coveredmethods="1" conditionals="0" coveredconditionals="0" statements="3" coveredstatements="1" elements="5" coveredelements="2"/>
      </class>
      <line num="95" type="method" name="__construct" crap="1.12" count="1"/>
      <line num="98" type="stmt" count="1"/>
      <line num="99" type="stmt" count="0"/>
      <line num="108" type="method" name="execute" crap="2" count="0"/>
      <line num="111" type="stmt" count="0"/>
      <metrics loc="113" ncloc="34" classes="1" methods="2" coveredmethods="1" conditionals="0" coveredconditionals="0" statements="3" coveredstatements="1" elements="5" coveredelements="2"/>
    </file>
    <file name="H:\Development\_Webroot\Trunk\VersionControl\Hg\Command\Push.php">
      <class name="VersionControl_Hg_Command_Push" namespace="global" fullPackage="Hg.Command" category="VersionControl" package="Hg" subpackage="Command">
        <metrics methods="2" coveredmethods="1" conditionals="0" coveredconditionals="0" statements="3" coveredstatements="1" elements="5" coveredelements="2"/>
      </class>
      <line num="95" type="method" name="__construct" crap="1.12" count="1"/>
      <line num="98" type="stmt" count="1"/>
      <line num="99" type="stmt" count="0"/>
      <line num="108" type="method" name="execute" crap="2" count="0"/>
      <line num="111" type="stmt" count="0"/>
      <metrics loc="113" ncloc="34" classes="1" methods="2" coveredmethods="1" conditionals="0" coveredconditionals="0" statements="3" coveredstatements="1" elements="5" coveredelements="2"/>
    </file>
    <file name="H:\Development\_Webroot\Trunk\VersionControl\Hg\Command\Remove.php">
      <class name="VersionControl_Hg_Command_Remove" namespace="global" fullPackage="Hg.Command" category="VersionControl" package="Hg" subpackage="Command">
        <metrics methods="2" coveredmethods="1" conditionals="0" coveredconditionals="0" statements="3" coveredstatements="1" elements="5" coveredelements="2"/>
      </class>
      <line num="95" type="method" name="__construct" crap="1.12" count="1"/>
      <line num="98" type="stmt" count="1"/>
      <line num="99" type="stmt" count="0"/>
      <line num="108" type="method" name="execute" crap="2" count="0"/>
      <line num="111" type="stmt" count="0"/>
      <metrics loc="113" ncloc="34" classes="1" methods="2" coveredmethods="1" conditionals="0" coveredconditionals="0" statements="3" coveredstatements="1" elements="5" coveredelements="2"/>
    </file>
    <file name="H:\Development\_Webroot\Trunk\VersionControl\Hg\Command\Revert.php">
      <class name="VersionControl_Hg_Command_Revert" namespace="global" fullPackage="Hg.Command" category="VersionControl" package="Hg" subpackage="Command">
        <metrics methods="2" coveredmethods="1" conditionals="0" coveredconditionals="0" statements="3" coveredstatements="1" elements="5" coveredelements="2"/>
      </class>
      <line num="95" type="method" name="__construct" crap="1.12" count="1"/>
      <line num="98" type="stmt" count="1"/>
      <line num="99" type="stmt" count="0"/>
      <line num="108" type="method" name="execute" crap="2" count="0"/>
      <line num="111" type="stmt" count="0"/>
      <metrics loc="113" ncloc="34" classes="1" methods="2" coveredmethods="1" conditionals="0" coveredconditionals="0" statements="3" coveredstatements="1" elements="5" coveredelements="2"/>
    </file>
    <file name="H:\Development\_Webroot\Trunk\VersionControl\Hg\Command\Status.php">
      <class name="VersionControl_Hg_Command_Status" namespace="global" fullPackage="Hg.Command" category="VersionControl" package="Hg" subpackage="Command">
        <metrics methods="13" coveredmethods="0" conditionals="0" coveredconditionals="0" statements="43" coveredstatements="0" elements="56" coveredelements="0"/>
      </class>
      <line num="19" type="stmt" count="0"/>
      <line num="24" type="stmt" count="0"/>
      <line num="29" type="stmt" count="0"/>
      <line num="55" type="stmt" count="0"/>
      <line num="122" type="method" name="__construct" crap="2" count="0"/>
      <line num="125" type="stmt" count="0"/>
      <line num="126" type="stmt" count="0"/>
      <line num="137" type="method" name="execute" crap="12" count="0"/>
      <line num="143" type="stmt" count="0"/>
      <line num="144" type="stmt" count="0"/>
      <line num="145" type="stmt" count="0"/>
      <line num="151" type="stmt" count="0"/>
      <line num="153" type="stmt" count="0"/>
      <line num="154" type="stmt" count="0"/>
      <line num="156" type="stmt" count="0"/>
      <line num="160" type="stmt" count="0"/>
      <line num="163" type="stmt" count="0"/>
      <line num="165" type="stmt" count="0"/>
      <line num="166" type="stmt" count="0"/>
      <line num="168" type="stmt" count="0"/>
      <line num="171" type="stmt" count="0"/>
      <line num="172" type="stmt" count="0"/>
      <line num="173" type="stmt" count="0"/>
      <line num="174" type="stmt" count="0"/>
      <line num="189" type="method" name="all" crap="2" count="0"/>
      <line num="191" type="stmt" count="0"/>
      <line num="194" type="stmt" count="0"/>
      <line num="209" type="method" name="modified" crap="2" count="0"/>
      <line num="211" type="stmt" count="0"/>
      <line num="214" type="stmt" count="0"/>
      <line num="229" type="method" name="added" crap="2" count="0"/>
      <line num="231" type="stmt" count="0"/>
      <line num="234" type="stmt" count="0"/>
      <line num="250" type="method" name="removed" crap="2" count="0"/>
      <line num="252" type="stmt" count="0"/>
      <line num="255" type="stmt" count="0"/>
      <line num="270" type="method" name="deleted" crap="2" count="0"/>
      <line num="272" type="stmt" count="0"/>
      <line num="275" type="stmt" count="0"/>
      <line num="291" type="method" name="clean" crap="2" count="0"/>
      <line num="293" type="stmt" count="0"/>
      <line num="296" type="stmt" count="0"/>
      <line num="311" type="method" name="unknown" crap="2" count="0"/>
      <line num="313" type="stmt" count="0"/>
      <line num="316" type="stmt" count="0"/>
      <line num="331" type="method" name="ignored" crap="2" count="0"/>
      <line num="333" type="stmt" count="0"/>
      <line num="336" type="stmt" count="0"/>
      <line num="357" type="method" name="files" crap="2" count="0"/>
      <line num="359" type="stmt" count="0"/>
      <line num="362" type="stmt" count="0"/>
      <line num="377" type="method" name="copied" crap="2" count="0"/>
      <line num="379" type="stmt" count="0"/>
      <line num="382" type="stmt" count="0"/>
      <line num="399" type="method" name="revision" crap="6" count="0"/>
      <line num="402" type="stmt" count="0"/>
      <line num="403" type="stmt" count="0"/>
      <line num="405" type="stmt" count="0"/>
      <line num="408" type="stmt" count="0"/>
      <line num="411" type="stmt" count="0"/>
      <line num="414" type="stmt" count="0"/>
      <metrics loc="413" ncloc="154" classes="1" methods="13" coveredmethods="0" conditionals="0" coveredconditionals="0" statements="48" coveredstatements="0" elements="61" coveredelements="0"/>
    </file>
    <file name="H:\Development\_Webroot\Trunk\VersionControl\Hg\Command\Tag.php">
      <class name="VersionControl_Hg_Command_Tag" namespace="global" fullPackage="Hg.Command" category="VersionControl" package="Hg" subpackage="Command">
        <metrics methods="2" coveredmethods="1" conditionals="0" coveredconditionals="0" statements="3" coveredstatements="1" elements="5" coveredelements="2"/>
      </class>
      <line num="95" type="method" name="__construct" crap="1.12" count="1"/>
      <line num="98" type="stmt" count="1"/>
      <line num="99" type="stmt" count="0"/>
      <line num="108" type="method" name="execute" crap="2" count="0"/>
      <line num="111" type="stmt" count="0"/>
      <metrics loc="113" ncloc="34" classes="1" methods="2" coveredmethods="1" conditionals="0" coveredconditionals="0" statements="3" coveredstatements="1" elements="5" coveredelements="2"/>
    </file>
    <file name="H:\Development\_Webroot\Trunk\VersionControl\Hg\Command\Version.php">
      <class name="VersionControl_Hg_Command_Version" namespace="global" fullPackage="Hg.Command" category="VersionControl" package="Hg" subpackage="Command">
        <metrics methods="3" coveredmethods="0" conditionals="0" coveredconditionals="0" statements="34" coveredstatements="0" elements="37" coveredelements="0"/>
      </class>
      <line num="19" type="stmt" count="0"/>
      <line num="24" type="stmt" count="0"/>
      <line num="29" type="stmt" count="0"/>
      <line num="46" type="stmt" count="0"/>
      <line num="71" type="method" name="__construct" crap="2" count="0"/>
      <line num="73" type="stmt" count="0"/>
      <line num="79" type="method" name="execute" crap="72" count="0"/>
      <line num="82" type="stmt" count="0"/>
      <line num="84" type="stmt" count="0"/>
      <line num="85" type="stmt" count="0"/>
      <line num="86" type="stmt" count="0"/>
      <line num="87" type="stmt" count="0"/>
      <line num="88" type="stmt" count="0"/>
      <line num="90" type="stmt" count="0"/>
      <line num="91" type="stmt" count="0"/>
      <line num="96" type="stmt" count="0"/>
      <line num="97" type="stmt" count="0"/>
      <line num="99" type="stmt" count="0"/>
      <line num="102" type="stmt" count="0"/>
      <line num="104" type="stmt" count="0"/>
      <line num="108" type="stmt" count="0"/>
      <line num="109" type="stmt" count="0"/>
      <line num="111" type="stmt" count="0"/>
      <line num="114" type="stmt" count="0"/>
      <line num="116" type="stmt" count="0"/>
      <line num="117" type="stmt" count="0"/>
      <line num="120" type="stmt" count="0"/>
      <line num="121" type="stmt" count="0"/>
      <line num="124" type="stmt" count="0"/>
      <line num="125" type="stmt" count="0"/>
      <line num="126" type="stmt" count="0"/>
      <line num="128" type="stmt" count="0"/>
      <line num="130" type="stmt" count="0"/>
      <line num="132" type="stmt" count="0"/>
      <line num="135" type="stmt" count="0"/>
      <line num="137" type="stmt" count="0"/>
      <line num="139" type="stmt" count="0"/>
      <line num="140" type="stmt" count="0"/>
      <line num="142" type="stmt" count="0"/>
      <line num="149" type="method" name="__toString" crap="2" count="0"/>
      <line num="150" type="stmt" count="0"/>
      <line num="153" type="stmt" count="0"/>
      <metrics loc="152" ncloc="63" classes="1" methods="3" coveredmethods="0" conditionals="0" coveredconditionals="0" statements="39" coveredstatements="0" elements="42" coveredelements="0"/>
    </file>
    <file name="H:\Development\_Webroot\Trunk\VersionControl\Hg\Container\Abstract.php">
      <class name="VersionControl_Hg_Container_Abstract" namespace="global" fullPackage="Hg.Container" category="VersionControl" package="Hg" subpackage="Container">
        <metrics methods="3" coveredmethods="3" conditionals="0" coveredconditionals="0" statements="4" coveredstatements="4" elements="7" coveredelements="7"/>
      </class>
      <line num="43" type="method" name="setPath" crap="1" count="6"/>
      <line num="55" type="method" name="getPath" crap="1" count="6"/>
      <line num="57" type="stmt" count="6"/>
      <line num="68" type="method" name="__toString" crap="2" count="1"/>
      <line num="73" type="stmt" count="1"/>
      <line num="75" type="stmt" count="1"/>
      <line num="245" type="stmt" count="1"/>
      <metrics loc="77" ncloc="18" classes="1" methods="3" coveredmethods="3" conditionals="0" coveredconditionals="0" statements="5" coveredstatements="5" elements="8" coveredelements="8"/>
    </file>
    <file name="H:\Development\_Webroot\Trunk\VersionControl\Hg\Container\Bundle.php">
      <class name="VersionControl_Hg_Container_Bundle" namespace="global" fullPackage="Hg.Container" category="VersionControl" package="Hg" subpackage="Container">
        <metrics methods="10" coveredmethods="0" conditionals="0" coveredconditionals="0" statements="31" coveredstatements="0" elements="41" coveredelements="0"/>
      </class>
      <line num="96" type="method" name="__construct" crap="2" count="0"/>
      <line num="99" type="stmt" count="0"/>
      <line num="108" type="method" name="create" crap="2" count="0"/>
      <line num="111" type="stmt" count="0"/>
      <line num="121" type="method" name="delete" crap="2" count="0"/>
      <line num="124" type="stmt" count="0"/>
      <line num="136" type="method" name="addRevision" crap="2" count="0"/>
      <line num="139" type="stmt" count="0"/>
      <line num="148" type="method" name="removeRevision" crap="2" count="0"/>
      <line num="151" type="stmt" count="0"/>
      <line num="161" type="method" name="setRevisions" crap="2" count="0"/>
      <line num="164" type="stmt" count="0"/>
      <line num="176" type="method" name="setPath" crap="30" count="0"/>
      <line num="180" type="stmt" count="0"/>
      <line num="181" type="stmt" count="0"/>
      <line num="184" type="stmt" count="0"/>
      <line num="185" type="stmt" count="0"/>
      <line num="186" type="stmt" count="0"/>
      <line num="189" type="stmt" count="0"/>
      <line num="190" type="stmt" count="0"/>
      <line num="192" type="stmt" count="0"/>
      <line num="203" type="stmt" count="0"/>
      <line num="204" type="stmt" count="0"/>
      <line num="206" type="stmt" count="0"/>
      <line num="209" type="stmt" count="0"/>
      <line num="211" type="stmt" count="0"/>
      <line num="221" type="method" name="isBundle" crap="6" count="0"/>
      <line num="223" type="stmt" count="0"/>
      <line num="226" type="stmt" count="0"/>
      <line num="229" type="stmt" count="0"/>
      <line num="230" type="stmt" count="0"/>
      <line num="231" type="stmt" count="0"/>
      <line num="233" type="stmt" count="0"/>
      <line num="245" type="method" name="setCompressionType" crap="6" count="0"/>
      <line num="247" type="stmt" count="0"/>
      <line num="248" type="stmt" count="0"/>
      <line num="250" type="stmt" count="0"/>
      <line num="253" type="stmt" count="0"/>
      <line num="254" type="stmt" count="0"/>
      <line num="263" type="method" name="getCompressionType" crap="2" count="0"/>
      <line num="265" type="stmt" count="0"/>
      <metrics loc="267" ncloc="104" classes="1" methods="10" coveredmethods="0" conditionals="0" coveredconditionals="0" statements="31" coveredstatements="0" elements="41" coveredelements="0"/>
    </file>
    <file name="H:\Development\_Webroot\Trunk\VersionControl\Hg\Container\Bundle\Exception.php">
      <class name="VersionControl_Hg_Container_Bundle_Exception" namespace="global" fullPackage="Hg.Bundle" category="VersionControl" package="Hg" subpackage="Bundle">
        <metrics methods="1" coveredmethods="0" conditionals="0" coveredconditionals="0" statements="2" coveredstatements="0" elements="3" coveredelements="0"/>
      </class>
      <line num="65" type="method" name="__construct" crap="2" count="0"/>
      <line num="67" type="stmt" count="0"/>
      <line num="68" type="stmt" count="0"/>
      <metrics loc="69" ncloc="23" classes="1" methods="1" coveredmethods="0" conditionals="0" coveredconditionals="0" statements="2" coveredstatements="0" elements="3" coveredelements="0"/>
    </file>
    <file name="H:\Development\_Webroot\Trunk\VersionControl\Hg\Container\Repository.php">
      <class name="VersionControl_Hg_Container_Repository" namespace="global" fullPackage="Hg.Container" category="VersionControl" package="Hg" subpackage="Container">
        <metrics methods="8" coveredmethods="7" conditionals="0" coveredconditionals="0" statements="40" coveredstatements="33" elements="48" coveredelements="40"/>
      </class>
      <line num="98" type="method" name="__construct" crap="1" count="10"/>
      <line num="100" type="stmt" count="10"/>
      <line num="101" type="stmt" count="8"/>
      <line num="102" type="stmt" count="8"/>
      <line num="112" type="method" name="getInstance" crap="2" count="14"/>
      <line num="114" type="stmt" count="14"/>
      <line num="115" type="stmt" count="11"/>
      <line num="116" type="stmt" count="11"/>
      <line num="117" type="stmt" count="8"/>
      <line num="119" type="stmt" count="14"/>
      <line num="127" type="method" name="reset" crap="1" count="10"/>
      <line num="129" type="stmt" count="10"/>
      <line num="130" type="stmt" count="10"/>
      <line num="142" type="method" name="setPath" crap="5" count="10"/>
      <line num="146" type="stmt" count="10"/>
      <line num="147" type="stmt" count="7"/>
      <line num="150" type="stmt" count="7"/>
      <line num="151" type="stmt" count="2"/>
      <line num="152" type="stmt" count="2"/>
      <line num="155" type="stmt" count="7"/>
      <line num="156" type="stmt" count="1"/>
      <line num="158" type="stmt" count="1"/>
      <line num="169" type="stmt" count="6"/>
      <line num="170" type="stmt" count="2"/>
      <line num="172" type="stmt" count="2"/>
      <line num="175" type="stmt" count="4"/>
      <line num="178" type="stmt" count="4"/>
      <line num="188" type="method" name="isRepository" crap="3" count="6"/>
      <line num="198" type="stmt" count="6"/>
      <line num="200" type="stmt" count="6"/>
      <line num="203" type="stmt" count="6"/>
      <line num="204" type="stmt" count="4"/>
      <line num="205" type="stmt" count="4"/>
      <line num="207" type="stmt" count="6"/>
      <line num="228" type="method" name="create" crap="1.02" count="2"/>
      <line num="232" type="stmt" count="2"/>
      <line num="233" type="stmt" count="2"/>
      <line num="234" type="stmt" count="1"/>
      <line num="236" type="stmt" count="0"/>
      <line num="247" type="method" name="delete" crap="6" count="0"/>
      <line num="269" type="stmt" count="0"/>
      <line num="271" type="stmt" count="0"/>
      <line num="273" type="stmt" count="0"/>
      <line num="276" type="stmt" count="0"/>
      <line num="278" type="stmt" count="0"/>
      <line num="288" type="method" name="__clone" crap="1.12" count="1"/>
      <line num="290" type="stmt" count="1"/>
      <line num="291" type="stmt" count="0"/>
      <metrics loc="292" ncloc="101" classes="1" methods="8" coveredmethods="7" conditionals="0" coveredconditionals="0" statements="40" coveredstatements="33" elements="48" coveredelements="40"/>
    </file>
    <file name="H:\Development\_Webroot\Trunk\VersionControl\Hg\Container\Repository\Diff.php">
      <class name="VersionControl_Hg_Container_Repository_Diff" namespace="global" fullPackage="Hg.Repository" category="VersionControl" package="Hg" subpackage="Repository">
        <metrics methods="0" coveredmethods="0" conditionals="0" coveredconditionals="0" statements="0" coveredstatements="0" elements="0" coveredelements="0"/>
      </class>
      <line num="19" type="stmt" count="0"/>
      <line num="35" type="stmt" count="0"/>
      <line num="38" type="stmt" count="0"/>
      <metrics loc="37" ncloc="8" classes="1" methods="0" coveredmethods="0" conditionals="0" coveredconditionals="0" statements="3" coveredstatements="0" elements="3" coveredelements="0"/>
    </file>
    <file name="H:\Development\_Webroot\Trunk\VersionControl\Hg\Container\Repository\Exception.php">
      <class name="VersionControl_Hg_Container_Repository_Exception" namespace="global" fullPackage="Hg.Repository" category="VersionControl" package="Hg" subpackage="Repository">
        <metrics methods="1" coveredmethods="1" conditionals="0" coveredconditionals="0" statements="2" coveredstatements="2" elements="3" coveredelements="3"/>
      </class>
      <line num="68" type="method" name="__construct" crap="1" count="3"/>
      <line num="70" type="stmt" count="3"/>
      <line num="71" type="stmt" count="3"/>
      <metrics loc="72" ncloc="26" classes="1" methods="1" coveredmethods="1" conditionals="0" coveredconditionals="0" statements="2" coveredstatements="2" elements="3" coveredelements="3"/>
    </file>
    <file name="H:\Development\_Webroot\Trunk\VersionControl\Hg\Container\Repository\Revision.php">
      <class name="VersionControl_Hg_Container_Repository_Revision" namespace="global" fullPackage="Hg.Repository" category="VersionControl" package="Hg" subpackage="Repository">
        <metrics methods="5" coveredmethods="0" conditionals="0" coveredconditionals="0" statements="18" coveredstatements="0" elements="23" coveredelements="0"/>
      </class>
      <line num="76" type="method" name="__construct" crap="2" count="0"/>
      <line num="78" type="stmt" count="0"/>
      <line num="80" type="stmt" count="0"/>
      <line num="81" type="stmt" count="0"/>
      <line num="89" type="method" name="getRevision" crap="2" count="0"/>
      <line num="91" type="stmt" count="0"/>
      <line num="102" type="method" name="setRevision" crap="2" count="0"/>
      <line num="104" type="stmt" count="0"/>
      <line num="105" type="stmt" count="0"/>
      <line num="114" type="method" name="findType" crap="12" count="0"/>
      <line num="117" type="stmt" count="0"/>
      <line num="118" type="stmt" count="0"/>
      <line num="119" type="stmt" count="0"/>
      <line num="120" type="stmt" count="0"/>
      <line num="121" type="stmt" count="0"/>
      <line num="122" type="stmt" count="0"/>
      <line num="123" type="stmt" count="0"/>
      <line num="124" type="stmt" count="0"/>
      <line num="126" type="stmt" count="0"/>
      <line num="128" type="stmt" count="0"/>
      <line num="136" type="method" name="__toString" crap="6" count="0"/>
      <line num="138" type="stmt" count="0"/>
      <line num="140" type="stmt" count="0"/>
      <metrics loc="143" ncloc="52" classes="1" methods="5" coveredmethods="0" conditionals="0" coveredconditionals="0" statements="18" coveredstatements="0" elements="23" coveredelements="0"/>
    </file>
    <file name="H:\Development\_Webroot\Trunk\VersionControl\Hg\Container\WorkingCopy.php">
      <class name="VersionControl_Hg_Container_WorkingCopy" namespace="global" fullPackage="Hg.Container" category="VersionControl" package="Hg" subpackage="Container">
        <metrics methods="4" coveredmethods="0" conditionals="0" coveredconditionals="0" statements="4" coveredstatements="0" elements="8" coveredelements="0"/>
      </class>
      <line num="73" type="method" name="__construct" crap="2" count="0"/>
      <line num="76" type="stmt" count="0"/>
      <line num="90" type="method" name="create" crap="2" count="0"/>
      <line num="93" type="stmt" count="0"/>
      <line num="103" type="method" name="delete" crap="2" count="0"/>
      <line num="106" type="stmt" count="0"/>
      <line num="118" type="method" name="setPath" crap="2" count="0"/>
      <line num="121" type="stmt" count="0"/>
      <metrics loc="122" ncloc="34" classes="1" methods="4" coveredmethods="0" conditionals="0" coveredconditionals="0" statements="4" coveredstatements="0" elements="8" coveredelements="0"/>
    </file>
    <file name="H:\Development\_Webroot\Trunk\VersionControl\Hg\Container\WorkingCopy\Directory.php">
      <class name="VersionControl_Hg_Container_WorkingCopy_Directory" namespace="global" fullPackage="Hg.WorkingCopy" category="VersionControl" package="Hg" subpackage="WorkingCopy">
        <metrics methods="1" coveredmethods="0" conditionals="0" coveredconditionals="0" statements="1" coveredstatements="0" elements="2" coveredelements="0"/>
      </class>
      <line num="34" type="method" name="__construct" crap="2" count="0"/>
      <line num="37" type="stmt" count="0"/>
      <metrics loc="38" ncloc="9" classes="1" methods="1" coveredmethods="0" conditionals="0" coveredconditionals="0" statements="1" coveredstatements="0" elements="2" coveredelements="0"/>
    </file>
    <file name="H:\Development\_Webroot\Trunk\VersionControl\Hg\Container\WorkingCopy\Exception.php">
      <class name="VersionControl_Hg_Container_WorkingCopy_Exception" namespace="global" fullPackage="Hg.WorkingCopy" category="VersionControl" package="Hg" subpackage="WorkingCopy">
        <metrics methods="1" coveredmethods="0" conditionals="0" coveredconditionals="0" statements="2" coveredstatements="0" elements="3" coveredelements="0"/>
      </class>
      <line num="57" type="method" name="__construct" crap="2" count="0"/>
      <line num="59" type="stmt" count="0"/>
      <line num="60" type="stmt" count="0"/>
      <metrics loc="61" ncloc="18" classes="1" methods="1" coveredmethods="0" conditionals="0" coveredconditionals="0" statements="2" coveredstatements="0" elements="3" coveredelements="0"/>
    </file>
    <file name="H:\Development\_Webroot\Trunk\VersionControl\Hg\Container\WorkingCopy\File.php">
      <class name="VersionControl_Hg_Container_WorkingCopy_File" namespace="global" fullPackage="Hg.WorkingCopy" category="VersionControl" package="Hg" subpackage="WorkingCopy">
        <metrics methods="1" coveredmethods="0" conditionals="0" coveredconditionals="0" statements="1" coveredstatements="0" elements="2" coveredelements="0"/>
      </class>
      <line num="35" type="method" name="__construct" crap="2" count="0"/>
      <line num="38" type="stmt" count="0"/>
      <metrics loc="39" ncloc="10" classes="1" methods="1" coveredmethods="0" conditionals="0" coveredconditionals="0" statements="1" coveredstatements="0" elements="2" coveredelements="0"/>
    </file>
    <file name="H:\Development\_Webroot\Trunk\VersionControl\Hg\Executable.php">
      <class name="VersionControl_Hg_Executable" namespace="global" fullPackage="Hg.Executable" category="VersionControl" package="Hg" subpackage="Executable">
        <metrics methods="10" coveredmethods="4" conditionals="0" coveredconditionals="0" statements="53" coveredstatements="30" elements="63" coveredelements="34"/>
      </class>
      <line num="98" type="method" name="__construct" crap="1" count="1"/>
      <line num="101" type="stmt" count="1"/>
      <line num="104" type="stmt" count="1"/>
      <line num="109" type="stmt" count="1"/>
      <line num="119" type="method" name="getInstance" crap="2" count="14"/>
      <line num="121" type="stmt" count="14"/>
      <line num="122" type="stmt" count="1"/>
      <line num="123" type="stmt" count="1"/>
      <line num="125" type="stmt" count="14"/>
      <line num="138" type="method" name="setPath" crap="2" count="1"/>
      <line num="140" type="stmt" count="1"/>
      <line num="141" type="stmt" count="1"/>
      <line num="142" type="stmt" count="1"/>
      <line num="144" type="stmt" count="1"/>
      <line num="147" type="stmt" count="1"/>
      <line num="156" type="method" name="getPath" crap="2" count="0"/>
      <line num="158" type="stmt" count="0"/>
      <line num="177" type="method" name="setExecutable" crap="12.00" count="1"/>
      <line num="179" type="stmt" count="1"/>
      <line num="183" type="stmt" count="1"/>
      <line num="184" type="stmt" count="1"/>
      <line num="185" type="stmt" count="1"/>
      <line num="186" type="stmt" count="1"/>
      <line num="187" type="stmt" count="0"/>
      <line num="188" type="stmt" count="0"/>
      <line num="189" type="stmt" count="0"/>
      <line num="190" type="stmt" count="1"/>
      <line num="192" type="stmt" count="1"/>
      <line num="195" type="stmt" count="0"/>
      <line num="196" type="stmt" count="0"/>
      <line num="198" type="stmt" count="0"/>
      <line num="199" type="stmt" count="0"/>
      <line num="202" type="stmt" count="1"/>
      <line num="205" type="stmt" count="1"/>
      <line num="207" type="stmt" count="1"/>
      <line num="208" type="stmt" count="1"/>
      <line num="209" type="stmt" count="1"/>
      <line num="210" type="stmt" count="1"/>
      <line num="211" type="stmt" count="1"/>
      <line num="213" type="stmt" count="1"/>
      <line num="214" type="stmt" count="0"/>
      <line num="216" type="stmt" count="0"/>
      <line num="218" type="stmt" count="1"/>
      <line num="221" type="stmt" count="1"/>
      <line num="224" type="stmt" count="1"/>
      <line num="233" type="method" name="getExecutable" crap="6" count="0"/>
      <line num="237" type="stmt" count="0"/>
      <line num="238" type="stmt" count="0"/>
      <line num="240" type="stmt" count="0"/>
      <line num="243" type="stmt" count="0"/>
      <line num="256" type="method" name="setVersion" crap="2" count="0"/>
      <line num="258" type="stmt" count="0"/>
      <line num="269" type="stmt" count="0"/>
      <line num="276" type="method" name="getVersion" crap="6" count="0"/>
      <line num="282" type="stmt" count="0"/>
      <line num="284" type="stmt" count="0"/>
      <line num="286" type="stmt" count="0"/>
      <line num="289" type="stmt" count="0"/>
      <line num="297" type="method" name="__toString" crap="2" count="0"/>
      <line num="299" type="stmt" count="0"/>
      <line num="307" type="method" name="__clone" crap="2" count="0"/>
      <line num="309" type="stmt" count="0"/>
      <line num="310" type="stmt" count="0"/>
      <metrics loc="312" ncloc="120" classes="1" methods="10" coveredmethods="4" conditionals="0" coveredconditionals="0" statements="53" coveredstatements="30" elements="63" coveredelements="34"/>
    </file>
    <file name="H:\Development\_Webroot\Trunk\VersionControl\Hg\Executable\Exception.php">
      <class name="VersionControl_Hg_Executable_Exception" namespace="global" fullPackage="Hg.Executable" category="VersionControl" package="Hg" subpackage="Executable">
        <metrics methods="1" coveredmethods="0" conditionals="0" coveredconditionals="0" statements="2" coveredstatements="0" elements="3" coveredelements="0"/>
      </class>
      <line num="30" type="stmt" count="0"/>
      <line num="70" type="method" name="__construct" crap="2" count="0"/>
      <line num="71" type="stmt" count="0"/>
      <line num="72" type="stmt" count="0"/>
      <line num="75" type="stmt" count="0"/>
      <metrics loc="74" ncloc="21" classes="1" methods="1" coveredmethods="0" conditionals="0" coveredconditionals="0" statements="4" coveredstatements="0" elements="5" coveredelements="0"/>
    </file>
    <metrics files="41" loc="6454" ncloc="2288" classes="41" methods="128" coveredmethods="38" conditionals="0" coveredconditionals="0" statements="758" coveredstatements="154" elements="886" coveredelements="192"/>
  </project>
</coverage>
